2023-01-03 00:05:52,854:INFO:PyCaret Supervised Module
2023-01-03 00:05:52,856:INFO:ML Usecase: regression
2023-01-03 00:05:52,857:INFO:version 2.3.10
2023-01-03 00:05:52,858:INFO:Initializing setup()
2023-01-03 00:05:52,860:INFO:setup(target=PassengerId, ml_usecase=regression, available_plots={'parameter': 'Hyperparameters', 'residuals': 'Residuals', 'error': 'Prediction Error', 'cooks': 'Cooks Distance', 'rfe': 'Feature Selection', 'learning': 'Learning Curve', 'manifold': 'Manifold Learning', 'vc': 'Validation Curve', 'feature': 'Feature Importance', 'feature_all': 'Feature Importance (All)', 'tree': 'Decision Tree', 'residuals_interactive': 'Interactive Residuals'}, train_size=0.7, test_data=None, preprocess=True, imputation_type=simple, iterative_imputation_iters=5, categorical_features=None, categorical_imputation=constant, categorical_iterative_imputer=lightgbm, ordinal_features=None, high_cardinality_features=None, high_cardinality_method=frequency, numeric_features=None, numeric_imputation=mean, numeric_iterative_imputer=lightgbm, date_features=None, ignore_features=None, normalize=False, normalize_method=zscore, transformation=False, transformation_method=yeo-johnson, handle_unknown_categorical=True, unknown_categorical_method=least_frequent, pca=False, pca_method=linear, pca_components=None, ignore_low_variance=False, combine_rare_levels=False, rare_level_threshold=0.1, bin_numeric_features=None, remove_outliers=False, outliers_threshold=0.05, remove_multicollinearity=False, multicollinearity_threshold=0.9, remove_perfect_collinearity=True, create_clusters=False, cluster_iter=20, polynomial_features=False, polynomial_degree=2, trigonometry_features=False, polynomial_threshold=0.1, group_features=None, group_names=None, feature_selection=False, feature_selection_threshold=0.8, feature_selection_method=classic, feature_interaction=False, feature_ratio=False, interaction_threshold=0.01, fix_imbalance=False, fix_imbalance_method=None, transform_target=False, transform_target_method=box-cox, data_split_shuffle=True, data_split_stratify=False, fold_strategy=kfold, fold=10, fold_shuffle=False, fold_groups=None, n_jobs=-1, use_gpu=False, custom_pipeline=None, html=True, session_id=None, log_experiment=False, experiment_name=None, experiment_custom_tags=None, log_plots=False, log_profile=False, log_data=False, silent=True, verbose=True, profile=False, profile_kwargs=None, display=None)
2023-01-03 00:05:52,862:INFO:Checking environment
2023-01-03 00:05:52,862:INFO:python_version: 3.8.3
2023-01-03 00:05:52,863:INFO:python_build: ('default', 'Jul  2 2020 17:30:36')
2023-01-03 00:05:52,864:INFO:machine: AMD64
2023-01-03 00:05:52,866:INFO:platform: Windows-10-10.0.19041-SP0
2023-01-03 00:05:52,866:INFO:Memory: svmem(total=16505966592, available=2076327936, percent=87.4, used=14429638656, free=2076327936)
2023-01-03 00:05:52,867:INFO:Physical Core: 6
2023-01-03 00:05:52,868:INFO:Logical Core: 12
2023-01-03 00:05:52,869:INFO:Checking libraries
2023-01-03 00:05:52,870:INFO:pd==1.5.1
2023-01-03 00:05:52,870:INFO:numpy==1.23.5
2023-01-03 00:05:52,877:INFO:sklearn==0.23.2
2023-01-03 00:05:52,880:INFO:lightgbm==3.3.2
2023-01-03 00:05:52,888:WARNING:catboost not found
2023-01-03 00:05:52,977:INFO:xgboost==1.6.1
2023-01-03 00:05:52,978:INFO:mlflow==1.26.0
2023-01-03 00:05:52,979:INFO:Checking Exceptions
2023-01-03 00:05:52,981:INFO:Declaring global variables
2023-01-03 00:05:52,981:INFO:USI: 7d01
2023-01-03 00:05:52,983:INFO:pycaret_globals: {'imputation_classifier', 'logging_param', '_all_metrics', '_available_plots', '_gpu_n_jobs_param', 'X_test', 'seed', 'USI', 'transform_target_param', 'log_plots_param', 'imputation_regressor', '_internal_pipeline', 'stratify_param', 'X_train', 'fold_generator', 'y', 'display_container', '_all_models_internal', 'data_before_preprocess', 'y_train', 'fold_groups_param', 'y_test', 'target_param', 'fold_shuffle_param', 'master_model_container', 'n_jobs_param', 'gpu_param', '_all_models', '_ml_usecase', 'X', 'experiment__', 'pycaret_globals', 'exp_name_log', 'dashboard_logger', 'fix_imbalance_param', 'prep_pipe', 'html_param', 'fold_param', 'iterative_imputation_iters_param', 'transform_target_method_param', 'create_model_container', 'fix_imbalance_method_param', 'fold_groups_param_full'}
2023-01-03 00:05:52,984:INFO:Preparing display monitor
2023-01-03 00:05:52,985:INFO:Preparing display monitor
2023-01-03 00:05:52,996:INFO:Importing libraries
2023-01-03 00:05:52,997:INFO:Copying data for preprocessing
2023-01-03 00:05:53,010:INFO:Declaring preprocessing parameters
2023-01-03 00:05:53,013:INFO:Creating preprocessing pipeline
2023-01-03 00:05:53,029:INFO:Preprocessing pipeline created successfully
2023-01-03 00:05:53,029:ERROR:(Process Exit): setup has been interupted with user command 'quit'. setup must rerun.
2023-01-03 00:05:53,030:INFO:Creating global containers
2023-01-03 00:05:53,033:INFO:Internal pipeline: Pipeline(memory=None, steps=[('empty_step', 'passthrough')], verbose=False)
2023-01-03 00:06:55,403:WARNING:Couldn't import catboost.CatBoostRegressor
2023-01-03 00:06:55,529:WARNING:Couldn't import catboost.CatBoostRegressor
2023-01-03 00:06:55,533:INFO:Creating grid variables
2023-01-03 00:06:55,560:INFO:create_model_container: 0
2023-01-03 00:06:55,561:INFO:master_model_container: 0
2023-01-03 00:06:55,561:INFO:display_container: 1
2023-01-03 00:06:55,573:INFO:Pipeline(memory=None,
         steps=[('dtypes',
                 DataTypes_Auto_infer(categorical_features=[],
                                      display_types=False, features_todrop=[],
                                      id_columns=[], ml_usecase='regression',
                                      numerical_features=[],
                                      target='PassengerId', time_features=[])),
                ('imputer',
                 Simple_Imputer(categorical_strategy='not_available',
                                fill_value_categorical=None,
                                fill_value_numerical=None,
                                numeric_str...
                ('scaling', 'passthrough'), ('P_transform', 'passthrough'),
                ('binn', 'passthrough'), ('rem_outliers', 'passthrough'),
                ('cluster_all', 'passthrough'),
                ('dummy', Dummify(target='PassengerId')),
                ('fix_perfect', Remove_100(target='PassengerId')),
                ('clean_names', Clean_Colum_Names()),
                ('feature_select', 'passthrough'), ('fix_multi', 'passthrough'),
                ('dfs', 'passthrough'), ('pca', 'passthrough')],
         verbose=False)
2023-01-03 00:06:55,573:INFO:setup() succesfully completed......................................
2023-01-03 00:06:56,142:INFO:Initializing compare_models()
2023-01-03 00:06:56,149:INFO:compare_models(include=None, fold=None, round=4, cross_validation=True, sort=R2, n_select=1, budget_time=None, turbo=True, errors=ignore, fit_kwargs=None, groups=None, experiment_custom_tags=None, probability_threshold=None, verbose=True, display=None, exclude=None)
2023-01-03 00:06:56,150:INFO:Checking exceptions
2023-01-03 00:06:56,150:INFO:Preparing display monitor
2023-01-03 00:06:56,151:INFO:Preparing display monitor
2023-01-03 00:06:56,168:INFO:Initializing Linear Regression
2023-01-03 00:06:56,170:INFO:Total runtime is 3.32792599995931e-05 minutes
2023-01-03 00:06:56,180:INFO:SubProcess create_model() called ==================================
2023-01-03 00:06:56,181:INFO:Initializing create_model()
2023-01-03 00:06:56,181:INFO:create_model(estimator=lr, fold=KFold(n_splits=10, random_state=None, shuffle=False), round=4, cross_validation=True, predict=True, fit_kwargs={}, groups=None, refit=False, verbose=False, system=False, metrics=None, experiment_custom_tags=None, add_to_model_list=True, probability_threshold=None, display=<pycaret.internal.Display.Display object at 0x000002DB5D00CFA0>, return_train_score=False, kwargs={})
2023-01-03 00:06:56,182:INFO:Checking exceptions
2023-01-03 00:06:56,183:INFO:Importing libraries
2023-01-03 00:06:56,184:INFO:Copying training dataset
2023-01-03 00:06:56,325:INFO:Defining folds
2023-01-03 00:06:56,326:INFO:Declaring metric variables
2023-01-03 00:06:56,335:INFO:Importing untrained model
2023-01-03 00:06:56,348:INFO:Linear Regression Imported succesfully
2023-01-03 00:06:56,388:INFO:Starting cross validation
2023-01-03 00:06:56,426:INFO:Cross validating with KFold(n_splits=10, random_state=None, shuffle=False), n_jobs=-1
2023-01-03 00:11:55,213:INFO:Calculating mean and std
2023-01-03 00:11:55,214:INFO:Creating metrics dataframe
2023-01-03 00:11:55,218:INFO:Uploading results into container
2023-01-03 00:11:55,218:INFO:Uploading model into container now
2023-01-03 00:11:55,219:INFO:create_model_container: 1
2023-01-03 00:11:55,219:INFO:master_model_container: 1
2023-01-03 00:11:55,219:INFO:display_container: 2
2023-01-03 00:11:55,220:INFO:LinearRegression(copy_X=True, fit_intercept=True, n_jobs=-1, normalize=False)
2023-01-03 00:11:55,220:INFO:create_model() succesfully completed......................................
2023-01-03 00:11:55,355:INFO:SubProcess create_model() end ==================================
2023-01-03 00:11:55,355:INFO:Creating metrics dataframe
2023-01-03 00:11:55,360:INFO:Initializing Lasso Regression
2023-01-03 00:11:55,361:INFO:Total runtime is 4.986565013726552 minutes
2023-01-03 00:11:55,368:INFO:SubProcess create_model() called ==================================
2023-01-03 00:11:55,371:INFO:Initializing create_model()
2023-01-03 00:11:55,371:INFO:create_model(estimator=lasso, fold=KFold(n_splits=10, random_state=None, shuffle=False), round=4, cross_validation=True, predict=True, fit_kwargs={}, groups=None, refit=False, verbose=False, system=False, metrics=None, experiment_custom_tags=None, add_to_model_list=True, probability_threshold=None, display=<pycaret.internal.Display.Display object at 0x000002DB5D00CFA0>, return_train_score=False, kwargs={})
2023-01-03 00:11:55,372:INFO:Checking exceptions
2023-01-03 00:11:55,372:INFO:Importing libraries
2023-01-03 00:11:55,372:INFO:Copying training dataset
2023-01-03 00:11:55,498:INFO:Defining folds
2023-01-03 00:11:55,499:INFO:Declaring metric variables
2023-01-03 00:11:55,503:INFO:Importing untrained model
2023-01-03 00:11:55,508:INFO:Lasso Regression Imported succesfully
2023-01-03 00:11:55,516:INFO:Starting cross validation
2023-01-03 00:11:55,516:INFO:Cross validating with KFold(n_splits=10, random_state=None, shuffle=False), n_jobs=-1
2023-01-03 00:13:00,586:INFO:Calculating mean and std
2023-01-03 00:13:00,587:INFO:Creating metrics dataframe
2023-01-03 00:13:00,593:INFO:Uploading results into container
2023-01-03 00:13:00,593:INFO:Uploading model into container now
2023-01-03 00:13:00,594:INFO:create_model_container: 2
2023-01-03 00:13:00,594:INFO:master_model_container: 2
2023-01-03 00:13:00,595:INFO:display_container: 2
2023-01-03 00:13:00,595:INFO:Lasso(alpha=1.0, copy_X=True, fit_intercept=True, max_iter=1000,
      normalize=False, positive=False, precompute=False, random_state=2414,
      selection='cyclic', tol=0.0001, warm_start=False)
2023-01-03 00:13:00,595:INFO:create_model() succesfully completed......................................
2023-01-03 00:13:00,700:INFO:SubProcess create_model() end ==================================
2023-01-03 00:13:00,701:INFO:Creating metrics dataframe
2023-01-03 00:13:00,706:INFO:Initializing Ridge Regression
2023-01-03 00:13:00,706:INFO:Total runtime is 6.075635608037313 minutes
2023-01-03 00:13:00,709:INFO:SubProcess create_model() called ==================================
2023-01-03 00:13:00,710:INFO:Initializing create_model()
2023-01-03 00:13:00,710:INFO:create_model(estimator=ridge, fold=KFold(n_splits=10, random_state=None, shuffle=False), round=4, cross_validation=True, predict=True, fit_kwargs={}, groups=None, refit=False, verbose=False, system=False, metrics=None, experiment_custom_tags=None, add_to_model_list=True, probability_threshold=None, display=<pycaret.internal.Display.Display object at 0x000002DB5D00CFA0>, return_train_score=False, kwargs={})
2023-01-03 00:13:00,711:INFO:Checking exceptions
2023-01-03 00:13:00,713:INFO:Importing libraries
2023-01-03 00:13:00,714:INFO:Copying training dataset
2023-01-03 00:13:00,834:INFO:Defining folds
2023-01-03 00:13:00,835:INFO:Declaring metric variables
2023-01-03 00:13:00,842:INFO:Importing untrained model
2023-01-03 00:13:00,845:INFO:Ridge Regression Imported succesfully
2023-01-03 00:13:00,854:INFO:Starting cross validation
2023-01-03 00:13:00,855:INFO:Cross validating with KFold(n_splits=10, random_state=None, shuffle=False), n_jobs=-1
2023-01-03 00:15:49,565:INFO:Calculating mean and std
2023-01-03 00:15:49,566:INFO:Creating metrics dataframe
2023-01-03 00:15:49,571:INFO:Uploading results into container
2023-01-03 00:15:49,572:INFO:Uploading model into container now
2023-01-03 00:15:49,572:INFO:create_model_container: 3
2023-01-03 00:15:49,572:INFO:master_model_container: 3
2023-01-03 00:15:49,572:INFO:display_container: 2
2023-01-03 00:15:49,573:INFO:Ridge(alpha=1.0, copy_X=True, fit_intercept=True, max_iter=None,
      normalize=False, random_state=2414, solver='auto', tol=0.001)
2023-01-03 00:15:49,574:INFO:create_model() succesfully completed......................................
2023-01-03 00:15:49,684:INFO:SubProcess create_model() end ==================================
2023-01-03 00:15:49,685:INFO:Creating metrics dataframe
2023-01-03 00:15:49,691:INFO:Initializing Elastic Net
2023-01-03 00:15:49,692:INFO:Total runtime is 8.892070468266805 minutes
2023-01-03 00:15:49,695:INFO:SubProcess create_model() called ==================================
2023-01-03 00:15:49,696:INFO:Initializing create_model()
2023-01-03 00:15:49,696:INFO:create_model(estimator=en, fold=KFold(n_splits=10, random_state=None, shuffle=False), round=4, cross_validation=True, predict=True, fit_kwargs={}, groups=None, refit=False, verbose=False, system=False, metrics=None, experiment_custom_tags=None, add_to_model_list=True, probability_threshold=None, display=<pycaret.internal.Display.Display object at 0x000002DB5D00CFA0>, return_train_score=False, kwargs={})
2023-01-03 00:15:49,697:INFO:Checking exceptions
2023-01-03 00:15:49,697:INFO:Importing libraries
2023-01-03 00:15:49,697:INFO:Copying training dataset
2023-01-03 00:15:49,816:INFO:Defining folds
2023-01-03 00:15:49,817:INFO:Declaring metric variables
2023-01-03 00:15:49,822:INFO:Importing untrained model
2023-01-03 00:15:49,826:INFO:Elastic Net Imported succesfully
2023-01-03 00:15:49,832:INFO:Starting cross validation
2023-01-03 00:15:49,835:INFO:Cross validating with KFold(n_splits=10, random_state=None, shuffle=False), n_jobs=-1
2023-01-03 00:17:12,283:INFO:Calculating mean and std
2023-01-03 00:17:12,284:INFO:Creating metrics dataframe
2023-01-03 00:17:12,288:INFO:Uploading results into container
2023-01-03 00:17:12,288:INFO:Uploading model into container now
2023-01-03 00:17:12,288:INFO:create_model_container: 4
2023-01-03 00:17:12,289:INFO:master_model_container: 4
2023-01-03 00:17:12,289:INFO:display_container: 2
2023-01-03 00:17:12,290:INFO:ElasticNet(alpha=1.0, copy_X=True, fit_intercept=True, l1_ratio=0.5,
           max_iter=1000, normalize=False, positive=False, precompute=False,
           random_state=2414, selection='cyclic', tol=0.0001, warm_start=False)
2023-01-03 00:17:12,290:INFO:create_model() succesfully completed......................................
2023-01-03 00:17:12,396:INFO:SubProcess create_model() end ==================================
2023-01-03 00:17:12,396:INFO:Creating metrics dataframe
2023-01-03 00:17:12,411:INFO:Initializing Least Angle Regression
2023-01-03 00:17:12,411:INFO:Total runtime is 10.270727936426798 minutes
2023-01-03 00:17:12,417:INFO:SubProcess create_model() called ==================================
2023-01-03 00:17:12,418:INFO:Initializing create_model()
2023-01-03 00:17:12,419:INFO:create_model(estimator=lar, fold=KFold(n_splits=10, random_state=None, shuffle=False), round=4, cross_validation=True, predict=True, fit_kwargs={}, groups=None, refit=False, verbose=False, system=False, metrics=None, experiment_custom_tags=None, add_to_model_list=True, probability_threshold=None, display=<pycaret.internal.Display.Display object at 0x000002DB5D00CFA0>, return_train_score=False, kwargs={})
2023-01-03 00:17:12,420:INFO:Checking exceptions
2023-01-03 00:17:12,420:INFO:Importing libraries
2023-01-03 00:17:12,421:INFO:Copying training dataset
2023-01-03 00:17:12,547:INFO:Defining folds
2023-01-03 00:17:12,548:INFO:Declaring metric variables
2023-01-03 00:17:12,566:INFO:Importing untrained model
2023-01-03 00:17:12,570:INFO:Least Angle Regression Imported succesfully
2023-01-03 00:17:12,576:INFO:Starting cross validation
2023-01-03 00:17:12,577:INFO:Cross validating with KFold(n_splits=10, random_state=None, shuffle=False), n_jobs=-1
2023-01-03 00:17:37,762:INFO:Calculating mean and std
2023-01-03 00:17:37,763:INFO:Creating metrics dataframe
2023-01-03 00:17:37,766:INFO:Uploading results into container
2023-01-03 00:17:37,766:INFO:Uploading model into container now
2023-01-03 00:17:37,767:INFO:create_model_container: 5
2023-01-03 00:17:37,768:INFO:master_model_container: 5
2023-01-03 00:17:37,768:INFO:display_container: 2
2023-01-03 00:17:37,769:INFO:Lars(copy_X=True, eps=2.220446049250313e-16, fit_intercept=True, fit_path=True,
     jitter=None, n_nonzero_coefs=500, normalize=True, precompute='auto',
     random_state=2414, verbose=False)
2023-01-03 00:17:37,770:INFO:create_model() succesfully completed......................................
2023-01-03 00:17:37,909:INFO:SubProcess create_model() end ==================================
2023-01-03 00:17:37,910:INFO:Creating metrics dataframe
2023-01-03 00:17:37,917:INFO:Initializing Lasso Least Angle Regression
2023-01-03 00:17:37,920:INFO:Total runtime is 10.695868949095408 minutes
2023-01-03 00:17:37,923:INFO:SubProcess create_model() called ==================================
2023-01-03 00:17:37,924:INFO:Initializing create_model()
2023-01-03 00:17:37,924:INFO:create_model(estimator=llar, fold=KFold(n_splits=10, random_state=None, shuffle=False), round=4, cross_validation=True, predict=True, fit_kwargs={}, groups=None, refit=False, verbose=False, system=False, metrics=None, experiment_custom_tags=None, add_to_model_list=True, probability_threshold=None, display=<pycaret.internal.Display.Display object at 0x000002DB5D00CFA0>, return_train_score=False, kwargs={})
2023-01-03 00:17:37,924:INFO:Checking exceptions
2023-01-03 00:17:37,925:INFO:Importing libraries
2023-01-03 00:17:37,925:INFO:Copying training dataset
2023-01-03 00:17:38,075:INFO:Defining folds
2023-01-03 00:17:38,076:INFO:Declaring metric variables
2023-01-03 00:17:38,081:INFO:Importing untrained model
2023-01-03 00:17:38,084:INFO:Lasso Least Angle Regression Imported succesfully
2023-01-03 00:17:38,094:INFO:Starting cross validation
2023-01-03 00:17:38,095:INFO:Cross validating with KFold(n_splits=10, random_state=None, shuffle=False), n_jobs=-1
2023-01-03 00:17:54,940:INFO:Calculating mean and std
2023-01-03 00:17:54,942:INFO:Creating metrics dataframe
2023-01-03 00:17:54,947:INFO:Uploading results into container
2023-01-03 00:17:54,947:INFO:Uploading model into container now
2023-01-03 00:17:54,948:INFO:create_model_container: 6
2023-01-03 00:17:54,948:INFO:master_model_container: 6
2023-01-03 00:17:54,948:INFO:display_container: 2
2023-01-03 00:17:54,949:INFO:LassoLars(alpha=1.0, copy_X=True, eps=2.220446049250313e-16, fit_intercept=True,
          fit_path=True, jitter=None, max_iter=500, normalize=True,
          positive=False, precompute='auto', random_state=2414, verbose=False)
2023-01-03 00:17:54,949:INFO:create_model() succesfully completed......................................
2023-01-03 00:17:55,053:INFO:SubProcess create_model() end ==================================
2023-01-03 00:17:55,053:INFO:Creating metrics dataframe
2023-01-03 00:17:55,058:INFO:Initializing Orthogonal Matching Pursuit
2023-01-03 00:17:55,058:INFO:Total runtime is 10.981512979666391 minutes
2023-01-03 00:17:55,062:INFO:SubProcess create_model() called ==================================
2023-01-03 00:17:55,063:INFO:Initializing create_model()
2023-01-03 00:17:55,063:INFO:create_model(estimator=omp, fold=KFold(n_splits=10, random_state=None, shuffle=False), round=4, cross_validation=True, predict=True, fit_kwargs={}, groups=None, refit=False, verbose=False, system=False, metrics=None, experiment_custom_tags=None, add_to_model_list=True, probability_threshold=None, display=<pycaret.internal.Display.Display object at 0x000002DB5D00CFA0>, return_train_score=False, kwargs={})
2023-01-03 00:17:55,064:INFO:Checking exceptions
2023-01-03 00:17:55,069:INFO:Importing libraries
2023-01-03 00:17:55,069:INFO:Copying training dataset
2023-01-03 00:17:55,193:INFO:Defining folds
2023-01-03 00:17:55,193:INFO:Declaring metric variables
2023-01-03 00:17:55,197:INFO:Importing untrained model
2023-01-03 00:17:55,202:INFO:Orthogonal Matching Pursuit Imported succesfully
2023-01-03 00:17:55,210:INFO:Starting cross validation
2023-01-03 00:17:55,211:INFO:Cross validating with KFold(n_splits=10, random_state=None, shuffle=False), n_jobs=-1
2023-01-03 00:18:31,294:INFO:Calculating mean and std
2023-01-03 00:18:31,295:INFO:Creating metrics dataframe
2023-01-03 00:18:31,300:INFO:Uploading results into container
2023-01-03 00:18:31,301:INFO:Uploading model into container now
2023-01-03 00:18:31,301:INFO:create_model_container: 7
2023-01-03 00:18:31,302:INFO:master_model_container: 7
2023-01-03 00:18:31,302:INFO:display_container: 2
2023-01-03 00:18:31,303:INFO:OrthogonalMatchingPursuit(fit_intercept=True, n_nonzero_coefs=None,
                          normalize=True, precompute='auto', tol=None)
2023-01-03 00:18:31,304:INFO:create_model() succesfully completed......................................
2023-01-03 00:18:31,439:INFO:SubProcess create_model() end ==================================
2023-01-03 00:18:31,439:INFO:Creating metrics dataframe
2023-01-03 00:18:31,445:INFO:Initializing Bayesian Ridge
2023-01-03 00:18:31,446:INFO:Total runtime is 11.587961117426554 minutes
2023-01-03 00:18:31,454:INFO:SubProcess create_model() called ==================================
2023-01-03 00:18:31,454:INFO:Initializing create_model()
2023-01-03 00:18:31,455:INFO:create_model(estimator=br, fold=KFold(n_splits=10, random_state=None, shuffle=False), round=4, cross_validation=True, predict=True, fit_kwargs={}, groups=None, refit=False, verbose=False, system=False, metrics=None, experiment_custom_tags=None, add_to_model_list=True, probability_threshold=None, display=<pycaret.internal.Display.Display object at 0x000002DB5D00CFA0>, return_train_score=False, kwargs={})
2023-01-03 00:18:31,455:INFO:Checking exceptions
2023-01-03 00:18:31,455:INFO:Importing libraries
2023-01-03 00:18:31,456:INFO:Copying training dataset
2023-01-03 00:18:31,584:INFO:Defining folds
2023-01-03 00:18:31,584:INFO:Declaring metric variables
2023-01-03 00:18:31,588:INFO:Importing untrained model
2023-01-03 00:18:31,593:INFO:Bayesian Ridge Imported succesfully
2023-01-03 00:18:31,601:INFO:Starting cross validation
2023-01-03 00:18:31,601:INFO:Cross validating with KFold(n_splits=10, random_state=None, shuffle=False), n_jobs=-1
2023-01-03 00:33:37,784:INFO:Initializing load_model()
2023-01-03 00:33:37,787:INFO:load_model(model_name=best_model_test, platform=None, authentication=None, verbose=True)
2023-01-03 00:46:51,006:INFO:Calculating mean and std
2023-01-03 00:46:51,042:INFO:Creating metrics dataframe
2023-01-03 00:46:51,167:INFO:Uploading results into container
2023-01-03 00:46:51,168:INFO:Uploading model into container now
2023-01-03 00:46:51,171:INFO:create_model_container: 8
2023-01-03 00:46:51,171:INFO:master_model_container: 8
2023-01-03 00:46:51,171:INFO:display_container: 2
2023-01-03 00:46:51,187:INFO:BayesianRidge(alpha_1=1e-06, alpha_2=1e-06, alpha_init=None,
              compute_score=False, copy_X=True, fit_intercept=True,
              lambda_1=1e-06, lambda_2=1e-06, lambda_init=None, n_iter=300,
              normalize=False, tol=0.001, verbose=False)
2023-01-03 00:46:51,187:INFO:create_model() succesfully completed......................................
2023-01-03 00:46:51,921:INFO:SubProcess create_model() end ==================================
2023-01-03 00:46:51,922:INFO:Creating metrics dataframe
2023-01-03 00:46:51,936:INFO:Initializing Passive Aggressive Regressor
2023-01-03 00:46:51,938:INFO:Total runtime is 39.92950611511866 minutes
2023-01-03 00:46:51,943:INFO:SubProcess create_model() called ==================================
2023-01-03 00:46:51,944:INFO:Initializing create_model()
2023-01-03 00:46:51,944:INFO:create_model(estimator=par, fold=KFold(n_splits=10, random_state=None, shuffle=False), round=4, cross_validation=True, predict=True, fit_kwargs={}, groups=None, refit=False, verbose=False, system=False, metrics=None, experiment_custom_tags=None, add_to_model_list=True, probability_threshold=None, display=<pycaret.internal.Display.Display object at 0x000002DB5D00CFA0>, return_train_score=False, kwargs={})
2023-01-03 00:46:51,944:INFO:Checking exceptions
2023-01-03 00:46:51,945:INFO:Importing libraries
2023-01-03 00:46:51,946:INFO:Copying training dataset
2023-01-03 00:46:52,224:INFO:Defining folds
2023-01-03 00:46:52,224:INFO:Declaring metric variables
2023-01-03 00:46:52,229:INFO:Importing untrained model
2023-01-03 00:46:52,233:INFO:Passive Aggressive Regressor Imported succesfully
2023-01-03 00:46:52,247:INFO:Starting cross validation
2023-01-03 00:46:52,249:INFO:Cross validating with KFold(n_splits=10, random_state=None, shuffle=False), n_jobs=-1
2023-01-03 00:47:03,633:INFO:Calculating mean and std
2023-01-03 00:47:03,641:INFO:Creating metrics dataframe
2023-01-03 00:47:03,651:INFO:Uploading results into container
2023-01-03 00:47:03,711:INFO:Uploading model into container now
2023-01-03 00:47:03,714:INFO:create_model_container: 9
2023-01-03 00:47:03,719:INFO:master_model_container: 9
2023-01-03 00:47:03,721:INFO:display_container: 2
2023-01-03 00:47:03,723:INFO:PassiveAggressiveRegressor(C=1.0, average=False, early_stopping=False,
                           epsilon=0.1, fit_intercept=True,
                           loss='epsilon_insensitive', max_iter=1000,
                           n_iter_no_change=5, random_state=2414, shuffle=True,
                           tol=0.001, validation_fraction=0.1, verbose=0,
                           warm_start=False)
2023-01-03 00:47:03,724:INFO:create_model() succesfully completed......................................
2023-01-03 00:47:03,889:INFO:SubProcess create_model() end ==================================
2023-01-03 00:47:03,891:INFO:Creating metrics dataframe
2023-01-03 00:47:03,924:INFO:Initializing Huber Regressor
2023-01-03 00:47:03,927:INFO:Total runtime is 40.12932798067729 minutes
2023-01-03 00:47:04,064:INFO:SubProcess create_model() called ==================================
2023-01-03 00:47:04,102:INFO:Initializing create_model()
2023-01-03 00:47:04,313:INFO:create_model(estimator=huber, fold=KFold(n_splits=10, random_state=None, shuffle=False), round=4, cross_validation=True, predict=True, fit_kwargs={}, groups=None, refit=False, verbose=False, system=False, metrics=None, experiment_custom_tags=None, add_to_model_list=True, probability_threshold=None, display=<pycaret.internal.Display.Display object at 0x000002DB5D00CFA0>, return_train_score=False, kwargs={})
2023-01-03 00:47:04,351:INFO:Checking exceptions
2023-01-03 00:47:04,539:INFO:Importing libraries
2023-01-03 00:47:04,549:INFO:Copying training dataset
2023-01-03 00:47:04,789:INFO:Defining folds
2023-01-03 00:47:04,796:INFO:Declaring metric variables
2023-01-03 00:47:04,817:INFO:Importing untrained model
2023-01-03 00:47:04,958:INFO:Huber Regressor Imported succesfully
2023-01-03 00:47:04,985:INFO:Starting cross validation
2023-01-03 00:47:04,987:INFO:Cross validating with KFold(n_splits=10, random_state=None, shuffle=False), n_jobs=-1
2023-01-03 00:51:34,055:INFO:PyCaret Supervised Module
2023-01-03 00:51:34,062:INFO:ML Usecase: regression
2023-01-03 00:51:34,064:INFO:version 2.3.10
2023-01-03 00:51:34,068:INFO:Initializing setup()
2023-01-03 00:51:34,075:INFO:setup(target=Transported, ml_usecase=regression, available_plots={'parameter': 'Hyperparameters', 'residuals': 'Residuals', 'error': 'Prediction Error', 'cooks': 'Cooks Distance', 'rfe': 'Feature Selection', 'learning': 'Learning Curve', 'manifold': 'Manifold Learning', 'vc': 'Validation Curve', 'feature': 'Feature Importance', 'feature_all': 'Feature Importance (All)', 'tree': 'Decision Tree', 'residuals_interactive': 'Interactive Residuals'}, train_size=0.7, test_data=None, preprocess=True, imputation_type=simple, iterative_imputation_iters=5, categorical_features=None, categorical_imputation=constant, categorical_iterative_imputer=lightgbm, ordinal_features=None, high_cardinality_features=None, high_cardinality_method=frequency, numeric_features=None, numeric_imputation=mean, numeric_iterative_imputer=lightgbm, date_features=None, ignore_features=None, normalize=False, normalize_method=zscore, transformation=False, transformation_method=yeo-johnson, handle_unknown_categorical=True, unknown_categorical_method=least_frequent, pca=False, pca_method=linear, pca_components=None, ignore_low_variance=False, combine_rare_levels=False, rare_level_threshold=0.1, bin_numeric_features=None, remove_outliers=False, outliers_threshold=0.05, remove_multicollinearity=False, multicollinearity_threshold=0.9, remove_perfect_collinearity=True, create_clusters=False, cluster_iter=20, polynomial_features=False, polynomial_degree=2, trigonometry_features=False, polynomial_threshold=0.1, group_features=None, group_names=None, feature_selection=False, feature_selection_threshold=0.8, feature_selection_method=classic, feature_interaction=False, feature_ratio=False, interaction_threshold=0.01, fix_imbalance=False, fix_imbalance_method=None, transform_target=False, transform_target_method=box-cox, data_split_shuffle=True, data_split_stratify=False, fold_strategy=kfold, fold=10, fold_shuffle=False, fold_groups=None, n_jobs=-1, use_gpu=False, custom_pipeline=None, html=True, session_id=None, log_experiment=False, experiment_name=None, experiment_custom_tags=None, log_plots=False, log_profile=False, log_data=False, silent=True, verbose=True, profile=False, profile_kwargs=None, display=None)
2023-01-03 00:51:34,076:INFO:Checking environment
2023-01-03 00:51:34,077:INFO:python_version: 3.8.3
2023-01-03 00:51:34,078:INFO:python_build: ('default', 'Jul  2 2020 17:30:36')
2023-01-03 00:51:34,079:INFO:machine: AMD64
2023-01-03 00:51:34,079:INFO:platform: Windows-10-10.0.19041-SP0
2023-01-03 00:51:34,080:INFO:Memory: svmem(total=16505966592, available=3132383232, percent=81.0, used=13373583360, free=3132383232)
2023-01-03 00:51:34,081:INFO:Physical Core: 6
2023-01-03 00:51:34,082:INFO:Logical Core: 12
2023-01-03 00:51:34,091:INFO:Checking libraries
2023-01-03 00:51:34,092:INFO:pd==1.5.1
2023-01-03 00:51:34,093:INFO:numpy==1.23.5
2023-01-03 00:51:34,093:INFO:sklearn==0.23.2
2023-01-03 00:51:34,094:INFO:lightgbm==3.3.2
2023-01-03 00:51:34,108:WARNING:catboost not found
2023-01-03 00:51:34,123:INFO:xgboost==1.6.1
2023-01-03 00:51:34,124:INFO:mlflow==1.26.0
2023-01-03 00:51:34,126:INFO:Checking Exceptions
2023-01-03 00:51:34,129:INFO:Declaring global variables
2023-01-03 00:51:34,131:INFO:USI: e024
2023-01-03 00:51:34,138:INFO:pycaret_globals: {'imputation_classifier', 'logging_param', '_all_metrics', '_available_plots', '_gpu_n_jobs_param', 'X_test', 'seed', 'USI', 'transform_target_param', 'log_plots_param', 'imputation_regressor', '_internal_pipeline', 'stratify_param', 'X_train', 'fold_generator', 'y', 'display_container', '_all_models_internal', 'data_before_preprocess', 'y_train', 'fold_groups_param', 'y_test', 'target_param', 'fold_shuffle_param', 'master_model_container', 'n_jobs_param', 'gpu_param', '_all_models', '_ml_usecase', 'X', 'experiment__', 'pycaret_globals', 'exp_name_log', 'dashboard_logger', 'fix_imbalance_param', 'prep_pipe', 'html_param', 'fold_param', 'iterative_imputation_iters_param', 'transform_target_method_param', 'create_model_container', 'fix_imbalance_method_param', 'fold_groups_param_full'}
2023-01-03 00:51:34,140:INFO:Preparing display monitor
2023-01-03 00:51:34,141:INFO:Preparing display monitor
2023-01-03 00:51:34,166:INFO:Importing libraries
2023-01-03 00:51:34,169:INFO:Copying data for preprocessing
2023-01-03 00:51:34,191:INFO:Declaring preprocessing parameters
2023-01-03 00:51:34,201:INFO:Creating preprocessing pipeline
2023-01-03 00:51:34,245:INFO:Preprocessing pipeline created successfully
2023-01-03 00:51:34,255:ERROR:(Process Exit): setup has been interupted with user command 'quit'. setup must rerun.
2023-01-03 00:51:34,265:INFO:Creating global containers
2023-01-03 00:51:34,278:INFO:Internal pipeline: Pipeline(memory=None, steps=[('empty_step', 'passthrough')], verbose=False)
2023-01-03 00:53:38,317:INFO:Calculating mean and std
2023-01-03 00:53:38,354:INFO:Creating metrics dataframe
2023-01-03 00:53:38,434:INFO:Uploading results into container
2023-01-03 00:53:38,436:INFO:Uploading model into container now
2023-01-03 00:53:38,440:INFO:create_model_container: 1
2023-01-03 00:53:38,442:INFO:master_model_container: 1
2023-01-03 00:53:38,443:INFO:display_container: 1
2023-01-03 00:53:38,460:INFO:HuberRegressor(alpha=0.0001, epsilon=1.35, fit_intercept=True, max_iter=100,
               tol=1e-05, warm_start=False)
2023-01-03 00:53:38,462:INFO:create_model() succesfully completed......................................
2023-01-03 00:53:39,315:INFO:SubProcess create_model() end ==================================
2023-01-03 00:53:39,316:INFO:Creating metrics dataframe
2023-01-03 00:53:39,331:INFO:Initializing K Neighbors Regressor
2023-01-03 00:53:39,338:INFO:Total runtime is 46.71950433254242 minutes
2023-01-03 00:53:39,367:INFO:SubProcess create_model() called ==================================
2023-01-03 00:53:39,371:INFO:Initializing create_model()
2023-01-03 00:53:39,373:INFO:create_model(estimator=knn, fold=KFold(n_splits=10, random_state=None, shuffle=False), round=4, cross_validation=True, predict=True, fit_kwargs={}, groups=None, refit=False, verbose=False, system=False, metrics=None, experiment_custom_tags=None, add_to_model_list=True, probability_threshold=None, display=<pycaret.internal.Display.Display object at 0x000002DB5D00CFA0>, return_train_score=False, kwargs={})
2023-01-03 00:53:39,374:INFO:Checking exceptions
2023-01-03 00:53:39,375:INFO:Importing libraries
2023-01-03 00:53:39,379:INFO:Copying training dataset
2023-01-03 00:53:39,386:INFO:Defining folds
2023-01-03 00:53:39,386:INFO:Declaring metric variables
2023-01-03 00:53:39,407:INFO:Importing untrained model
2023-01-03 00:53:39,429:INFO:K Neighbors Regressor Imported succesfully
2023-01-03 00:53:39,458:INFO:Starting cross validation
2023-01-03 00:53:39,461:INFO:Cross validating with KFold(n_splits=10, random_state=None, shuffle=False), n_jobs=-1
2023-01-03 00:53:46,582:INFO:Calculating mean and std
2023-01-03 00:53:46,582:INFO:Creating metrics dataframe
2023-01-03 00:53:46,587:INFO:Uploading results into container
2023-01-03 00:53:46,588:INFO:Uploading model into container now
2023-01-03 00:53:46,588:INFO:create_model_container: 2
2023-01-03 00:53:46,588:INFO:master_model_container: 2
2023-01-03 00:53:46,591:INFO:display_container: 1
2023-01-03 00:53:46,592:INFO:KNeighborsRegressor(algorithm='auto', leaf_size=30, metric='minkowski',
                    metric_params=None, n_jobs=-1, n_neighbors=5, p=2,
                    weights='uniform')
2023-01-03 00:53:46,592:INFO:create_model() succesfully completed......................................
2023-01-03 00:53:46,712:WARNING:create_model() for KNeighborsRegressor(algorithm='auto', leaf_size=30, metric='minkowski',
                    metric_params=None, n_jobs=-1, n_neighbors=5, p=2,
                    weights='uniform') raised an exception or returned all 0.0, trying without fit_kwargs:
2023-01-03 00:53:46,733:WARNING:Traceback (most recent call last):
  File "f:\anaconda_38\lib\site-packages\pycaret\internal\tabular.py", line 2205, in compare_models
    assert np.sum(model_results.iloc[0]) != 0.0
AssertionError

2023-01-03 00:53:46,734:INFO:Initializing create_model()
2023-01-03 00:53:46,734:INFO:create_model(estimator=knn, fold=KFold(n_splits=10, random_state=None, shuffle=False), round=4, cross_validation=True, predict=True, fit_kwargs={}, groups=None, refit=False, verbose=False, system=False, metrics=None, experiment_custom_tags=None, add_to_model_list=True, probability_threshold=None, display=<pycaret.internal.Display.Display object at 0x000002DB5D00CFA0>, return_train_score=False, kwargs={})
2023-01-03 00:53:46,734:INFO:Checking exceptions
2023-01-03 00:53:46,735:INFO:Importing libraries
2023-01-03 00:53:46,735:INFO:Copying training dataset
2023-01-03 00:53:46,736:INFO:Defining folds
2023-01-03 00:53:46,737:INFO:Declaring metric variables
2023-01-03 00:53:46,747:INFO:Importing untrained model
2023-01-03 00:53:46,758:INFO:K Neighbors Regressor Imported succesfully
2023-01-03 00:53:46,773:INFO:Starting cross validation
2023-01-03 00:53:46,774:INFO:Cross validating with KFold(n_splits=10, random_state=None, shuffle=False), n_jobs=-1
2023-01-03 00:53:46,913:INFO:Calculating mean and std
2023-01-03 00:53:46,913:INFO:Creating metrics dataframe
2023-01-03 00:53:46,917:INFO:Uploading results into container
2023-01-03 00:53:46,935:INFO:Uploading model into container now
2023-01-03 00:53:46,953:INFO:create_model_container: 3
2023-01-03 00:53:46,954:INFO:master_model_container: 3
2023-01-03 00:53:46,960:INFO:display_container: 1
2023-01-03 00:53:46,962:INFO:KNeighborsRegressor(algorithm='auto', leaf_size=30, metric='minkowski',
                    metric_params=None, n_jobs=-1, n_neighbors=5, p=2,
                    weights='uniform')
2023-01-03 00:53:46,964:INFO:create_model() succesfully completed......................................
2023-01-03 00:53:47,079:ERROR:create_model() for KNeighborsRegressor(algorithm='auto', leaf_size=30, metric='minkowski',
                    metric_params=None, n_jobs=-1, n_neighbors=5, p=2,
                    weights='uniform') raised an exception or returned all 0.0:
2023-01-03 00:53:47,641:ERROR:Traceback (most recent call last):
  File "f:\anaconda_38\lib\site-packages\pycaret\internal\tabular.py", line 2205, in compare_models
    assert np.sum(model_results.iloc[0]) != 0.0
AssertionError

During handling of the above exception, another exception occurred:

Traceback (most recent call last):
  File "f:\anaconda_38\lib\site-packages\pycaret\internal\tabular.py", line 2214, in compare_models
    assert np.sum(model_results.iloc[0]) != 0.0
AssertionError

2023-01-03 00:53:47,661:INFO:Initializing Decision Tree Regressor
2023-01-03 00:53:47,672:INFO:Total runtime is 46.85841444333394 minutes
2023-01-03 00:53:47,685:INFO:SubProcess create_model() called ==================================
2023-01-03 00:53:47,685:INFO:Initializing create_model()
2023-01-03 00:53:48,030:INFO:create_model(estimator=dt, fold=KFold(n_splits=10, random_state=None, shuffle=False), round=4, cross_validation=True, predict=True, fit_kwargs={}, groups=None, refit=False, verbose=False, system=False, metrics=None, experiment_custom_tags=None, add_to_model_list=True, probability_threshold=None, display=<pycaret.internal.Display.Display object at 0x000002DB5D00CFA0>, return_train_score=False, kwargs={})
2023-01-03 00:53:48,053:INFO:Checking exceptions
2023-01-03 00:53:48,053:INFO:Importing libraries
2023-01-03 00:53:48,066:INFO:Copying training dataset
2023-01-03 00:53:48,072:INFO:Defining folds
2023-01-03 00:53:48,074:INFO:Declaring metric variables
2023-01-03 00:53:48,087:INFO:Importing untrained model
2023-01-03 00:53:48,098:INFO:Decision Tree Regressor Imported succesfully
2023-01-03 00:53:48,125:INFO:Starting cross validation
2023-01-03 00:53:48,134:INFO:Cross validating with KFold(n_splits=10, random_state=None, shuffle=False), n_jobs=-1
2023-01-03 00:53:48,326:INFO:Calculating mean and std
2023-01-03 00:53:48,328:INFO:Creating metrics dataframe
2023-01-03 00:53:48,332:INFO:Uploading results into container
2023-01-03 00:53:48,334:INFO:Uploading model into container now
2023-01-03 00:53:48,334:INFO:create_model_container: 4
2023-01-03 00:53:48,337:INFO:master_model_container: 4
2023-01-03 00:53:48,342:INFO:display_container: 1
2023-01-03 00:53:48,344:INFO:DecisionTreeRegressor(ccp_alpha=0.0, criterion='mse', max_depth=None,
                      max_features=None, max_leaf_nodes=None,
                      min_impurity_decrease=0.0, min_impurity_split=None,
                      min_samples_leaf=1, min_samples_split=2,
                      min_weight_fraction_leaf=0.0, presort='deprecated',
                      random_state=2414, splitter='best')
2023-01-03 00:53:48,345:INFO:create_model() succesfully completed......................................
2023-01-03 00:53:48,527:WARNING:create_model() for DecisionTreeRegressor(ccp_alpha=0.0, criterion='mse', max_depth=None,
                      max_features=None, max_leaf_nodes=None,
                      min_impurity_decrease=0.0, min_impurity_split=None,
                      min_samples_leaf=1, min_samples_split=2,
                      min_weight_fraction_leaf=0.0, presort='deprecated',
                      random_state=2414, splitter='best') raised an exception or returned all 0.0, trying without fit_kwargs:
2023-01-03 00:53:48,529:WARNING:Traceback (most recent call last):
  File "f:\anaconda_38\lib\site-packages\pycaret\internal\tabular.py", line 2205, in compare_models
    assert np.sum(model_results.iloc[0]) != 0.0
AssertionError

2023-01-03 00:53:48,535:INFO:Initializing create_model()
2023-01-03 00:53:48,536:INFO:create_model(estimator=dt, fold=KFold(n_splits=10, random_state=None, shuffle=False), round=4, cross_validation=True, predict=True, fit_kwargs={}, groups=None, refit=False, verbose=False, system=False, metrics=None, experiment_custom_tags=None, add_to_model_list=True, probability_threshold=None, display=<pycaret.internal.Display.Display object at 0x000002DB5D00CFA0>, return_train_score=False, kwargs={})
2023-01-03 00:53:48,536:INFO:Checking exceptions
2023-01-03 00:53:48,536:INFO:Importing libraries
2023-01-03 00:53:48,537:INFO:Copying training dataset
2023-01-03 00:53:48,540:INFO:Defining folds
2023-01-03 00:53:48,542:INFO:Declaring metric variables
2023-01-03 00:53:48,551:INFO:Importing untrained model
2023-01-03 00:53:48,565:INFO:Decision Tree Regressor Imported succesfully
2023-01-03 00:53:48,593:INFO:Starting cross validation
2023-01-03 00:53:48,598:INFO:Cross validating with KFold(n_splits=10, random_state=None, shuffle=False), n_jobs=-1
2023-01-03 00:53:48,751:INFO:Calculating mean and std
2023-01-03 00:53:48,753:INFO:Creating metrics dataframe
2023-01-03 00:53:48,761:INFO:Uploading results into container
2023-01-03 00:53:48,763:INFO:Uploading model into container now
2023-01-03 00:53:48,765:INFO:create_model_container: 5
2023-01-03 00:53:48,766:INFO:master_model_container: 5
2023-01-03 00:53:48,767:INFO:display_container: 1
2023-01-03 00:53:48,770:INFO:DecisionTreeRegressor(ccp_alpha=0.0, criterion='mse', max_depth=None,
                      max_features=None, max_leaf_nodes=None,
                      min_impurity_decrease=0.0, min_impurity_split=None,
                      min_samples_leaf=1, min_samples_split=2,
                      min_weight_fraction_leaf=0.0, presort='deprecated',
                      random_state=2414, splitter='best')
2023-01-03 00:53:48,773:INFO:create_model() succesfully completed......................................
2023-01-03 00:53:48,897:ERROR:create_model() for DecisionTreeRegressor(ccp_alpha=0.0, criterion='mse', max_depth=None,
                      max_features=None, max_leaf_nodes=None,
                      min_impurity_decrease=0.0, min_impurity_split=None,
                      min_samples_leaf=1, min_samples_split=2,
                      min_weight_fraction_leaf=0.0, presort='deprecated',
                      random_state=2414, splitter='best') raised an exception or returned all 0.0:
2023-01-03 00:53:48,902:ERROR:Traceback (most recent call last):
  File "f:\anaconda_38\lib\site-packages\pycaret\internal\tabular.py", line 2205, in compare_models
    assert np.sum(model_results.iloc[0]) != 0.0
AssertionError

During handling of the above exception, another exception occurred:

Traceback (most recent call last):
  File "f:\anaconda_38\lib\site-packages\pycaret\internal\tabular.py", line 2214, in compare_models
    assert np.sum(model_results.iloc[0]) != 0.0
AssertionError

2023-01-03 00:53:48,904:INFO:Initializing Random Forest Regressor
2023-01-03 00:53:48,909:INFO:Total runtime is 46.87903112967809 minutes
2023-01-03 00:53:48,919:INFO:SubProcess create_model() called ==================================
2023-01-03 00:53:48,925:INFO:Initializing create_model()
2023-01-03 00:53:48,926:INFO:create_model(estimator=rf, fold=KFold(n_splits=10, random_state=None, shuffle=False), round=4, cross_validation=True, predict=True, fit_kwargs={}, groups=None, refit=False, verbose=False, system=False, metrics=None, experiment_custom_tags=None, add_to_model_list=True, probability_threshold=None, display=<pycaret.internal.Display.Display object at 0x000002DB5D00CFA0>, return_train_score=False, kwargs={})
2023-01-03 00:53:48,929:INFO:Checking exceptions
2023-01-03 00:53:48,930:INFO:Importing libraries
2023-01-03 00:53:48,931:INFO:Copying training dataset
2023-01-03 00:53:48,973:INFO:Defining folds
2023-01-03 00:53:48,993:INFO:Declaring metric variables
2023-01-03 00:53:49,030:INFO:Importing untrained model
2023-01-03 00:53:49,038:INFO:Random Forest Regressor Imported succesfully
2023-01-03 00:53:49,056:INFO:Starting cross validation
2023-01-03 00:53:49,059:INFO:Cross validating with KFold(n_splits=10, random_state=None, shuffle=False), n_jobs=-1
2023-01-03 00:53:49,221:INFO:Calculating mean and std
2023-01-03 00:53:49,223:INFO:Creating metrics dataframe
2023-01-03 00:53:49,227:INFO:Uploading results into container
2023-01-03 00:53:49,229:INFO:Uploading model into container now
2023-01-03 00:53:49,231:INFO:create_model_container: 6
2023-01-03 00:53:49,232:INFO:master_model_container: 6
2023-01-03 00:53:49,232:INFO:display_container: 1
2023-01-03 00:53:49,235:INFO:RandomForestRegressor(bootstrap=True, ccp_alpha=0.0, criterion='mse',
                      max_depth=None, max_features='auto', max_leaf_nodes=None,
                      max_samples=None, min_impurity_decrease=0.0,
                      min_impurity_split=None, min_samples_leaf=1,
                      min_samples_split=2, min_weight_fraction_leaf=0.0,
                      n_estimators=100, n_jobs=-1, oob_score=False,
                      random_state=2414, verbose=0, warm_start=False)
2023-01-03 00:53:49,236:INFO:create_model() succesfully completed......................................
2023-01-03 00:53:49,358:WARNING:create_model() for RandomForestRegressor(bootstrap=True, ccp_alpha=0.0, criterion='mse',
                      max_depth=None, max_features='auto', max_leaf_nodes=None,
                      max_samples=None, min_impurity_decrease=0.0,
                      min_impurity_split=None, min_samples_leaf=1,
                      min_samples_split=2, min_weight_fraction_leaf=0.0,
                      n_estimators=100, n_jobs=-1, oob_score=False,
                      random_state=2414, verbose=0, warm_start=False) raised an exception or returned all 0.0, trying without fit_kwargs:
2023-01-03 00:53:49,362:WARNING:Traceback (most recent call last):
  File "f:\anaconda_38\lib\site-packages\pycaret\internal\tabular.py", line 2205, in compare_models
    assert np.sum(model_results.iloc[0]) != 0.0
AssertionError

2023-01-03 00:53:49,364:INFO:Initializing create_model()
2023-01-03 00:53:49,370:INFO:create_model(estimator=rf, fold=KFold(n_splits=10, random_state=None, shuffle=False), round=4, cross_validation=True, predict=True, fit_kwargs={}, groups=None, refit=False, verbose=False, system=False, metrics=None, experiment_custom_tags=None, add_to_model_list=True, probability_threshold=None, display=<pycaret.internal.Display.Display object at 0x000002DB5D00CFA0>, return_train_score=False, kwargs={})
2023-01-03 00:53:49,376:INFO:Checking exceptions
2023-01-03 00:53:49,382:INFO:Importing libraries
2023-01-03 00:53:49,387:INFO:Copying training dataset
2023-01-03 00:53:49,390:INFO:Defining folds
2023-01-03 00:53:49,392:INFO:Declaring metric variables
2023-01-03 00:53:49,409:INFO:Importing untrained model
2023-01-03 00:53:49,428:INFO:Random Forest Regressor Imported succesfully
2023-01-03 00:53:49,460:INFO:Starting cross validation
2023-01-03 00:53:49,461:INFO:Cross validating with KFold(n_splits=10, random_state=None, shuffle=False), n_jobs=-1
2023-01-03 00:53:49,620:INFO:Calculating mean and std
2023-01-03 00:53:49,622:INFO:Creating metrics dataframe
2023-01-03 00:53:49,629:INFO:Uploading results into container
2023-01-03 00:53:49,630:INFO:Uploading model into container now
2023-01-03 00:53:49,631:INFO:create_model_container: 7
2023-01-03 00:53:49,633:INFO:master_model_container: 7
2023-01-03 00:53:49,633:INFO:display_container: 1
2023-01-03 00:53:49,635:INFO:RandomForestRegressor(bootstrap=True, ccp_alpha=0.0, criterion='mse',
                      max_depth=None, max_features='auto', max_leaf_nodes=None,
                      max_samples=None, min_impurity_decrease=0.0,
                      min_impurity_split=None, min_samples_leaf=1,
                      min_samples_split=2, min_weight_fraction_leaf=0.0,
                      n_estimators=100, n_jobs=-1, oob_score=False,
                      random_state=2414, verbose=0, warm_start=False)
2023-01-03 00:53:49,636:INFO:create_model() succesfully completed......................................
2023-01-03 00:53:49,756:ERROR:create_model() for RandomForestRegressor(bootstrap=True, ccp_alpha=0.0, criterion='mse',
                      max_depth=None, max_features='auto', max_leaf_nodes=None,
                      max_samples=None, min_impurity_decrease=0.0,
                      min_impurity_split=None, min_samples_leaf=1,
                      min_samples_split=2, min_weight_fraction_leaf=0.0,
                      n_estimators=100, n_jobs=-1, oob_score=False,
                      random_state=2414, verbose=0, warm_start=False) raised an exception or returned all 0.0:
2023-01-03 00:53:49,759:ERROR:Traceback (most recent call last):
  File "f:\anaconda_38\lib\site-packages\pycaret\internal\tabular.py", line 2205, in compare_models
    assert np.sum(model_results.iloc[0]) != 0.0
AssertionError

During handling of the above exception, another exception occurred:

Traceback (most recent call last):
  File "f:\anaconda_38\lib\site-packages\pycaret\internal\tabular.py", line 2214, in compare_models
    assert np.sum(model_results.iloc[0]) != 0.0
AssertionError

2023-01-03 00:53:49,760:INFO:Initializing Extra Trees Regressor
2023-01-03 00:53:49,762:INFO:Total runtime is 46.89323651790619 minutes
2023-01-03 00:53:49,772:INFO:SubProcess create_model() called ==================================
2023-01-03 00:53:49,775:INFO:Initializing create_model()
2023-01-03 00:53:49,776:INFO:create_model(estimator=et, fold=KFold(n_splits=10, random_state=None, shuffle=False), round=4, cross_validation=True, predict=True, fit_kwargs={}, groups=None, refit=False, verbose=False, system=False, metrics=None, experiment_custom_tags=None, add_to_model_list=True, probability_threshold=None, display=<pycaret.internal.Display.Display object at 0x000002DB5D00CFA0>, return_train_score=False, kwargs={})
2023-01-03 00:53:49,777:INFO:Checking exceptions
2023-01-03 00:53:49,779:INFO:Importing libraries
2023-01-03 00:53:49,780:INFO:Copying training dataset
2023-01-03 00:53:49,786:INFO:Defining folds
2023-01-03 00:53:49,794:INFO:Declaring metric variables
2023-01-03 00:53:49,876:INFO:Importing untrained model
2023-01-03 00:53:49,916:INFO:Extra Trees Regressor Imported succesfully
2023-01-03 00:53:49,957:INFO:Starting cross validation
2023-01-03 00:53:49,958:INFO:Cross validating with KFold(n_splits=10, random_state=None, shuffle=False), n_jobs=-1
2023-01-03 00:53:50,085:INFO:Calculating mean and std
2023-01-03 00:53:50,086:INFO:Creating metrics dataframe
2023-01-03 00:53:50,089:INFO:Uploading results into container
2023-01-03 00:53:50,090:INFO:Uploading model into container now
2023-01-03 00:53:50,090:INFO:create_model_container: 8
2023-01-03 00:53:50,091:INFO:master_model_container: 8
2023-01-03 00:53:50,092:INFO:display_container: 1
2023-01-03 00:53:50,093:INFO:ExtraTreesRegressor(bootstrap=False, ccp_alpha=0.0, criterion='mse',
                    max_depth=None, max_features='auto', max_leaf_nodes=None,
                    max_samples=None, min_impurity_decrease=0.0,
                    min_impurity_split=None, min_samples_leaf=1,
                    min_samples_split=2, min_weight_fraction_leaf=0.0,
                    n_estimators=100, n_jobs=-1, oob_score=False,
                    random_state=2414, verbose=0, warm_start=False)
2023-01-03 00:53:50,093:INFO:create_model() succesfully completed......................................
2023-01-03 00:53:50,245:WARNING:create_model() for ExtraTreesRegressor(bootstrap=False, ccp_alpha=0.0, criterion='mse',
                    max_depth=None, max_features='auto', max_leaf_nodes=None,
                    max_samples=None, min_impurity_decrease=0.0,
                    min_impurity_split=None, min_samples_leaf=1,
                    min_samples_split=2, min_weight_fraction_leaf=0.0,
                    n_estimators=100, n_jobs=-1, oob_score=False,
                    random_state=2414, verbose=0, warm_start=False) raised an exception or returned all 0.0, trying without fit_kwargs:
2023-01-03 00:53:50,277:WARNING:Traceback (most recent call last):
  File "f:\anaconda_38\lib\site-packages\pycaret\internal\tabular.py", line 2205, in compare_models
    assert np.sum(model_results.iloc[0]) != 0.0
AssertionError

2023-01-03 00:53:50,318:INFO:Initializing create_model()
2023-01-03 00:53:50,372:INFO:create_model(estimator=et, fold=KFold(n_splits=10, random_state=None, shuffle=False), round=4, cross_validation=True, predict=True, fit_kwargs={}, groups=None, refit=False, verbose=False, system=False, metrics=None, experiment_custom_tags=None, add_to_model_list=True, probability_threshold=None, display=<pycaret.internal.Display.Display object at 0x000002DB5D00CFA0>, return_train_score=False, kwargs={})
2023-01-03 00:53:50,385:INFO:Checking exceptions
2023-01-03 00:53:50,388:INFO:Importing libraries
2023-01-03 00:53:50,389:INFO:Copying training dataset
2023-01-03 00:53:50,535:INFO:Defining folds
2023-01-03 00:53:50,537:INFO:Declaring metric variables
2023-01-03 00:53:50,551:INFO:Importing untrained model
2023-01-03 00:53:50,567:INFO:Extra Trees Regressor Imported succesfully
2023-01-03 00:53:50,594:INFO:Starting cross validation
2023-01-03 00:53:50,595:INFO:Cross validating with KFold(n_splits=10, random_state=None, shuffle=False), n_jobs=-1
2023-01-03 00:54:22,151:WARNING:Couldn't import catboost.CatBoostRegressor
2023-01-03 00:54:24,262:WARNING:Couldn't import catboost.CatBoostRegressor
2023-01-03 00:54:24,652:INFO:Creating grid variables
2023-01-03 00:54:30,168:INFO:create_model_container: 8
2023-01-03 00:54:30,567:INFO:master_model_container: 8
2023-01-03 00:54:30,952:INFO:display_container: 1
2023-01-03 00:54:31,347:INFO:Pipeline(memory=None,
         steps=[('dtypes',
                 DataTypes_Auto_infer(categorical_features=[],
                                      display_types=False, features_todrop=[],
                                      id_columns=[], ml_usecase='regression',
                                      numerical_features=[],
                                      target='Transported', time_features=[])),
                ('imputer',
                 Simple_Imputer(categorical_strategy='not_available',
                                fill_value_categorical=None,
                                fill_value_numerical=None,
                                numeric_str...
                ('scaling', 'passthrough'), ('P_transform', 'passthrough'),
                ('binn', 'passthrough'), ('rem_outliers', 'passthrough'),
                ('cluster_all', 'passthrough'),
                ('dummy', Dummify(target='Transported')),
                ('fix_perfect', Remove_100(target='Transported')),
                ('clean_names', Clean_Colum_Names()),
                ('feature_select', 'passthrough'), ('fix_multi', 'passthrough'),
                ('dfs', 'passthrough'), ('pca', 'passthrough')],
         verbose=False)
2023-01-03 00:54:31,748:INFO:setup() succesfully completed......................................
2023-01-03 00:54:39,612:INFO:PyCaret Supervised Module
2023-01-03 00:54:39,613:INFO:ML Usecase: regression
2023-01-03 00:54:39,614:INFO:version 2.3.10
2023-01-03 00:54:39,617:INFO:Initializing setup()
2023-01-03 00:54:39,617:INFO:setup(target=Transported, ml_usecase=regression, available_plots={'parameter': 'Hyperparameters', 'residuals': 'Residuals', 'error': 'Prediction Error', 'cooks': 'Cooks Distance', 'rfe': 'Feature Selection', 'learning': 'Learning Curve', 'manifold': 'Manifold Learning', 'vc': 'Validation Curve', 'feature': 'Feature Importance', 'feature_all': 'Feature Importance (All)', 'tree': 'Decision Tree', 'residuals_interactive': 'Interactive Residuals'}, train_size=0.7, test_data=None, preprocess=True, imputation_type=simple, iterative_imputation_iters=5, categorical_features=None, categorical_imputation=constant, categorical_iterative_imputer=lightgbm, ordinal_features=None, high_cardinality_features=None, high_cardinality_method=frequency, numeric_features=None, numeric_imputation=mean, numeric_iterative_imputer=lightgbm, date_features=None, ignore_features=None, normalize=False, normalize_method=zscore, transformation=False, transformation_method=yeo-johnson, handle_unknown_categorical=True, unknown_categorical_method=least_frequent, pca=False, pca_method=linear, pca_components=None, ignore_low_variance=False, combine_rare_levels=False, rare_level_threshold=0.1, bin_numeric_features=None, remove_outliers=False, outliers_threshold=0.05, remove_multicollinearity=False, multicollinearity_threshold=0.9, remove_perfect_collinearity=True, create_clusters=False, cluster_iter=20, polynomial_features=False, polynomial_degree=2, trigonometry_features=False, polynomial_threshold=0.1, group_features=None, group_names=None, feature_selection=False, feature_selection_threshold=0.8, feature_selection_method=classic, feature_interaction=False, feature_ratio=False, interaction_threshold=0.01, fix_imbalance=False, fix_imbalance_method=None, transform_target=False, transform_target_method=box-cox, data_split_shuffle=True, data_split_stratify=False, fold_strategy=kfold, fold=10, fold_shuffle=False, fold_groups=None, n_jobs=-1, use_gpu=False, custom_pipeline=None, html=True, session_id=None, log_experiment=False, experiment_name=None, experiment_custom_tags=None, log_plots=False, log_profile=False, log_data=False, silent=True, verbose=True, profile=False, profile_kwargs=None, display=None)
2023-01-03 00:54:39,619:INFO:Checking environment
2023-01-03 00:54:39,619:INFO:python_version: 3.8.3
2023-01-03 00:54:39,620:INFO:python_build: ('default', 'Jul  2 2020 17:30:36')
2023-01-03 00:54:39,621:INFO:machine: AMD64
2023-01-03 00:54:39,622:INFO:platform: Windows-10-10.0.19041-SP0
2023-01-03 00:54:39,624:INFO:Memory: svmem(total=16505966592, available=6365151232, percent=61.4, used=10140815360, free=6365151232)
2023-01-03 00:54:39,625:INFO:Physical Core: 6
2023-01-03 00:54:39,625:INFO:Logical Core: 12
2023-01-03 00:54:39,628:INFO:Checking libraries
2023-01-03 00:54:39,633:INFO:pd==1.5.1
2023-01-03 00:54:39,635:INFO:numpy==1.23.5
2023-01-03 00:54:39,636:INFO:sklearn==0.23.2
2023-01-03 00:54:39,637:INFO:lightgbm==3.3.2
2023-01-03 00:54:39,644:WARNING:catboost not found
2023-01-03 00:54:39,644:INFO:xgboost==1.6.1
2023-01-03 00:54:39,647:INFO:mlflow==1.26.0
2023-01-03 00:54:39,650:INFO:Checking Exceptions
2023-01-03 00:54:39,650:INFO:Declaring global variables
2023-01-03 00:54:39,651:INFO:USI: 9c70
2023-01-03 00:54:39,652:INFO:pycaret_globals: {'imputation_classifier', 'logging_param', '_all_metrics', '_available_plots', '_gpu_n_jobs_param', 'X_test', 'seed', 'USI', 'transform_target_param', 'log_plots_param', 'imputation_regressor', '_internal_pipeline', 'stratify_param', 'X_train', 'fold_generator', 'y', 'display_container', '_all_models_internal', 'data_before_preprocess', 'y_train', 'fold_groups_param', 'y_test', 'target_param', 'fold_shuffle_param', 'master_model_container', 'n_jobs_param', 'gpu_param', '_all_models', '_ml_usecase', 'X', 'experiment__', 'pycaret_globals', 'exp_name_log', 'dashboard_logger', 'fix_imbalance_param', 'prep_pipe', 'html_param', 'fold_param', 'iterative_imputation_iters_param', 'transform_target_method_param', 'create_model_container', 'fix_imbalance_method_param', 'fold_groups_param_full'}
2023-01-03 00:54:39,653:INFO:Preparing display monitor
2023-01-03 00:54:39,654:INFO:Preparing display monitor
2023-01-03 00:54:39,667:INFO:Importing libraries
2023-01-03 00:54:39,670:INFO:Copying data for preprocessing
2023-01-03 00:54:40,090:INFO:Declaring preprocessing parameters
2023-01-03 00:54:40,095:INFO:Creating preprocessing pipeline
2023-01-03 00:54:40,541:INFO:Preprocessing pipeline created successfully
2023-01-03 00:54:40,920:ERROR:(Process Exit): setup has been interupted with user command 'quit'. setup must rerun.
2023-01-03 00:54:41,314:INFO:Creating global containers
2023-01-03 00:54:41,695:INFO:Internal pipeline: Pipeline(memory=None, steps=[('empty_step', 'passthrough')], verbose=False)
2023-01-03 00:56:46,670:INFO:Calculating mean and std
2023-01-03 00:56:46,670:INFO:Creating metrics dataframe
2023-01-03 00:56:46,674:INFO:Uploading results into container
2023-01-03 00:56:46,674:INFO:Uploading model into container now
2023-01-03 00:56:46,675:INFO:create_model_container: 1
2023-01-03 00:56:46,675:INFO:master_model_container: 1
2023-01-03 00:56:46,675:INFO:display_container: 1
2023-01-03 00:56:46,676:INFO:ExtraTreesRegressor(bootstrap=False, ccp_alpha=0.0, criterion='mse',
                    max_depth=None, max_features='auto', max_leaf_nodes=None,
                    max_samples=None, min_impurity_decrease=0.0,
                    min_impurity_split=None, min_samples_leaf=1,
                    min_samples_split=2, min_weight_fraction_leaf=0.0,
                    n_estimators=100, n_jobs=-1, oob_score=False,
                    random_state=2414, verbose=0, warm_start=False)
2023-01-03 00:56:46,676:INFO:create_model() succesfully completed......................................
2023-01-03 00:56:46,830:INFO:SubProcess create_model() end ==================================
2023-01-03 00:56:46,830:INFO:Creating metrics dataframe
2023-01-03 00:56:46,836:INFO:Initializing AdaBoost Regressor
2023-01-03 00:56:46,837:INFO:Total runtime is 49.84448582728704 minutes
2023-01-03 00:56:46,851:INFO:SubProcess create_model() called ==================================
2023-01-03 00:56:46,852:INFO:Initializing create_model()
2023-01-03 00:56:46,853:INFO:create_model(estimator=ada, fold=KFold(n_splits=10, random_state=None, shuffle=False), round=4, cross_validation=True, predict=True, fit_kwargs={}, groups=None, refit=False, verbose=False, system=False, metrics=None, experiment_custom_tags=None, add_to_model_list=True, probability_threshold=None, display=<pycaret.internal.Display.Display object at 0x000002DB5D00CFA0>, return_train_score=False, kwargs={})
2023-01-03 00:56:46,854:INFO:Checking exceptions
2023-01-03 00:56:46,855:INFO:Importing libraries
2023-01-03 00:56:46,856:INFO:Copying training dataset
2023-01-03 00:56:46,861:INFO:Defining folds
2023-01-03 00:56:46,867:INFO:Declaring metric variables
2023-01-03 00:56:46,881:INFO:Importing untrained model
2023-01-03 00:56:46,896:INFO:AdaBoost Regressor Imported succesfully
2023-01-03 00:56:46,925:INFO:Starting cross validation
2023-01-03 00:56:46,928:INFO:Cross validating with KFold(n_splits=10, random_state=None, shuffle=False), n_jobs=-1
2023-01-03 00:56:47,067:INFO:Calculating mean and std
2023-01-03 00:56:47,068:INFO:Creating metrics dataframe
2023-01-03 00:56:47,072:INFO:Uploading results into container
2023-01-03 00:56:47,072:INFO:Uploading model into container now
2023-01-03 00:56:47,073:INFO:create_model_container: 2
2023-01-03 00:56:47,074:INFO:master_model_container: 2
2023-01-03 00:56:47,079:INFO:display_container: 1
2023-01-03 00:56:47,082:INFO:AdaBoostRegressor(base_estimator=None, learning_rate=1.0, loss='linear',
                  n_estimators=50, random_state=5476)
2023-01-03 00:56:47,084:INFO:create_model() succesfully completed......................................
2023-01-03 00:56:47,248:WARNING:create_model() for AdaBoostRegressor(base_estimator=None, learning_rate=1.0, loss='linear',
                  n_estimators=50, random_state=5476) raised an exception or returned all 0.0, trying without fit_kwargs:
2023-01-03 00:56:47,250:WARNING:Traceback (most recent call last):
  File "f:\anaconda_38\lib\site-packages\pycaret\internal\tabular.py", line 2205, in compare_models
    assert np.sum(model_results.iloc[0]) != 0.0
AssertionError

2023-01-03 00:56:47,252:INFO:Initializing create_model()
2023-01-03 00:56:47,254:INFO:create_model(estimator=ada, fold=KFold(n_splits=10, random_state=None, shuffle=False), round=4, cross_validation=True, predict=True, fit_kwargs={}, groups=None, refit=False, verbose=False, system=False, metrics=None, experiment_custom_tags=None, add_to_model_list=True, probability_threshold=None, display=<pycaret.internal.Display.Display object at 0x000002DB5D00CFA0>, return_train_score=False, kwargs={})
2023-01-03 00:56:47,255:INFO:Checking exceptions
2023-01-03 00:56:47,256:INFO:Importing libraries
2023-01-03 00:56:47,257:INFO:Copying training dataset
2023-01-03 00:56:47,259:INFO:Defining folds
2023-01-03 00:56:47,260:INFO:Declaring metric variables
2023-01-03 00:56:47,279:INFO:Importing untrained model
2023-01-03 00:56:47,301:INFO:AdaBoost Regressor Imported succesfully
2023-01-03 00:56:47,334:INFO:Starting cross validation
2023-01-03 00:56:47,336:INFO:Cross validating with KFold(n_splits=10, random_state=None, shuffle=False), n_jobs=-1
2023-01-03 00:56:47,491:INFO:Calculating mean and std
2023-01-03 00:56:47,492:INFO:Creating metrics dataframe
2023-01-03 00:56:47,503:INFO:Uploading results into container
2023-01-03 00:56:47,503:INFO:Uploading model into container now
2023-01-03 00:56:47,504:INFO:create_model_container: 3
2023-01-03 00:56:47,505:INFO:master_model_container: 3
2023-01-03 00:56:47,506:INFO:display_container: 1
2023-01-03 00:56:47,507:INFO:AdaBoostRegressor(base_estimator=None, learning_rate=1.0, loss='linear',
                  n_estimators=50, random_state=5476)
2023-01-03 00:56:47,507:INFO:create_model() succesfully completed......................................
2023-01-03 00:56:47,640:ERROR:create_model() for AdaBoostRegressor(base_estimator=None, learning_rate=1.0, loss='linear',
                  n_estimators=50, random_state=5476) raised an exception or returned all 0.0:
2023-01-03 00:56:49,072:ERROR:Traceback (most recent call last):
  File "f:\anaconda_38\lib\site-packages\pycaret\internal\tabular.py", line 2205, in compare_models
    assert np.sum(model_results.iloc[0]) != 0.0
AssertionError

During handling of the above exception, another exception occurred:

Traceback (most recent call last):
  File "f:\anaconda_38\lib\site-packages\pycaret\internal\tabular.py", line 2214, in compare_models
    assert np.sum(model_results.iloc[0]) != 0.0
AssertionError

2023-01-03 00:56:49,349:INFO:Initializing Gradient Boosting Regressor
2023-01-03 00:56:49,350:INFO:Total runtime is 49.886377135912575 minutes
2023-01-03 00:56:49,362:INFO:SubProcess create_model() called ==================================
2023-01-03 00:56:49,368:INFO:Initializing create_model()
2023-01-03 00:56:49,368:INFO:create_model(estimator=gbr, fold=KFold(n_splits=10, random_state=None, shuffle=False), round=4, cross_validation=True, predict=True, fit_kwargs={}, groups=None, refit=False, verbose=False, system=False, metrics=None, experiment_custom_tags=None, add_to_model_list=True, probability_threshold=None, display=<pycaret.internal.Display.Display object at 0x000002DB5D00CFA0>, return_train_score=False, kwargs={})
2023-01-03 00:56:49,369:INFO:Checking exceptions
2023-01-03 00:56:49,369:INFO:Importing libraries
2023-01-03 00:56:49,370:INFO:Copying training dataset
2023-01-03 00:56:49,372:INFO:Defining folds
2023-01-03 00:56:49,372:INFO:Declaring metric variables
2023-01-03 00:56:49,387:INFO:Importing untrained model
2023-01-03 00:56:49,405:INFO:Gradient Boosting Regressor Imported succesfully
2023-01-03 00:56:49,438:INFO:Starting cross validation
2023-01-03 00:56:49,441:INFO:Cross validating with KFold(n_splits=10, random_state=None, shuffle=False), n_jobs=-1
2023-01-03 00:56:49,584:INFO:Calculating mean and std
2023-01-03 00:56:49,585:INFO:Creating metrics dataframe
2023-01-03 00:56:49,590:INFO:Uploading results into container
2023-01-03 00:56:49,590:INFO:Uploading model into container now
2023-01-03 00:56:49,591:INFO:create_model_container: 4
2023-01-03 00:56:49,592:INFO:master_model_container: 4
2023-01-03 00:56:49,595:INFO:display_container: 1
2023-01-03 00:56:49,599:INFO:GradientBoostingRegressor(alpha=0.9, ccp_alpha=0.0, criterion='friedman_mse',
                          init=None, learning_rate=0.1, loss='ls', max_depth=3,
                          max_features=None, max_leaf_nodes=None,
                          min_impurity_decrease=0.0, min_impurity_split=None,
                          min_samples_leaf=1, min_samples_split=2,
                          min_weight_fraction_leaf=0.0, n_estimators=100,
                          n_iter_no_change=None, presort='deprecated',
                          random_state=5476, subsample=1.0, tol=0.0001,
                          validation_fraction=0.1, verbose=0, warm_start=False)
2023-01-03 00:56:49,601:INFO:create_model() succesfully completed......................................
2023-01-03 00:56:49,726:WARNING:create_model() for GradientBoostingRegressor(alpha=0.9, ccp_alpha=0.0, criterion='friedman_mse',
                          init=None, learning_rate=0.1, loss='ls', max_depth=3,
                          max_features=None, max_leaf_nodes=None,
                          min_impurity_decrease=0.0, min_impurity_split=None,
                          min_samples_leaf=1, min_samples_split=2,
                          min_weight_fraction_leaf=0.0, n_estimators=100,
                          n_iter_no_change=None, presort='deprecated',
                          random_state=5476, subsample=1.0, tol=0.0001,
                          validation_fraction=0.1, verbose=0, warm_start=False) raised an exception or returned all 0.0, trying without fit_kwargs:
2023-01-03 00:56:49,727:WARNING:Traceback (most recent call last):
  File "f:\anaconda_38\lib\site-packages\pycaret\internal\tabular.py", line 2205, in compare_models
    assert np.sum(model_results.iloc[0]) != 0.0
AssertionError

2023-01-03 00:56:49,734:INFO:Initializing create_model()
2023-01-03 00:56:49,740:INFO:create_model(estimator=gbr, fold=KFold(n_splits=10, random_state=None, shuffle=False), round=4, cross_validation=True, predict=True, fit_kwargs={}, groups=None, refit=False, verbose=False, system=False, metrics=None, experiment_custom_tags=None, add_to_model_list=True, probability_threshold=None, display=<pycaret.internal.Display.Display object at 0x000002DB5D00CFA0>, return_train_score=False, kwargs={})
2023-01-03 00:56:49,741:INFO:Checking exceptions
2023-01-03 00:56:49,742:INFO:Importing libraries
2023-01-03 00:56:49,743:INFO:Copying training dataset
2023-01-03 00:56:49,745:INFO:Defining folds
2023-01-03 00:56:49,745:INFO:Declaring metric variables
2023-01-03 00:56:49,759:INFO:Importing untrained model
2023-01-03 00:56:49,778:INFO:Gradient Boosting Regressor Imported succesfully
2023-01-03 00:56:49,812:INFO:Starting cross validation
2023-01-03 00:56:49,815:INFO:Cross validating with KFold(n_splits=10, random_state=None, shuffle=False), n_jobs=-1
2023-01-03 00:56:49,943:INFO:Calculating mean and std
2023-01-03 00:56:49,943:INFO:Creating metrics dataframe
2023-01-03 00:56:49,948:INFO:Uploading results into container
2023-01-03 00:56:49,951:INFO:Uploading model into container now
2023-01-03 00:56:49,954:INFO:create_model_container: 5
2023-01-03 00:56:49,955:INFO:master_model_container: 5
2023-01-03 00:56:49,956:INFO:display_container: 1
2023-01-03 00:56:49,957:INFO:GradientBoostingRegressor(alpha=0.9, ccp_alpha=0.0, criterion='friedman_mse',
                          init=None, learning_rate=0.1, loss='ls', max_depth=3,
                          max_features=None, max_leaf_nodes=None,
                          min_impurity_decrease=0.0, min_impurity_split=None,
                          min_samples_leaf=1, min_samples_split=2,
                          min_weight_fraction_leaf=0.0, n_estimators=100,
                          n_iter_no_change=None, presort='deprecated',
                          random_state=5476, subsample=1.0, tol=0.0001,
                          validation_fraction=0.1, verbose=0, warm_start=False)
2023-01-03 00:56:49,958:INFO:create_model() succesfully completed......................................
2023-01-03 00:56:50,083:ERROR:create_model() for GradientBoostingRegressor(alpha=0.9, ccp_alpha=0.0, criterion='friedman_mse',
                          init=None, learning_rate=0.1, loss='ls', max_depth=3,
                          max_features=None, max_leaf_nodes=None,
                          min_impurity_decrease=0.0, min_impurity_split=None,
                          min_samples_leaf=1, min_samples_split=2,
                          min_weight_fraction_leaf=0.0, n_estimators=100,
                          n_iter_no_change=None, presort='deprecated',
                          random_state=5476, subsample=1.0, tol=0.0001,
                          validation_fraction=0.1, verbose=0, warm_start=False) raised an exception or returned all 0.0:
2023-01-03 00:56:50,085:ERROR:Traceback (most recent call last):
  File "f:\anaconda_38\lib\site-packages\pycaret\internal\tabular.py", line 2205, in compare_models
    assert np.sum(model_results.iloc[0]) != 0.0
AssertionError

During handling of the above exception, another exception occurred:

Traceback (most recent call last):
  File "f:\anaconda_38\lib\site-packages\pycaret\internal\tabular.py", line 2214, in compare_models
    assert np.sum(model_results.iloc[0]) != 0.0
AssertionError

2023-01-03 00:56:50,086:INFO:Initializing Extreme Gradient Boosting
2023-01-03 00:56:50,088:INFO:Total runtime is 49.89866960843404 minutes
2023-01-03 00:56:50,100:INFO:SubProcess create_model() called ==================================
2023-01-03 00:56:50,101:INFO:Initializing create_model()
2023-01-03 00:56:50,101:INFO:create_model(estimator=xgboost, fold=KFold(n_splits=10, random_state=None, shuffle=False), round=4, cross_validation=True, predict=True, fit_kwargs={}, groups=None, refit=False, verbose=False, system=False, metrics=None, experiment_custom_tags=None, add_to_model_list=True, probability_threshold=None, display=<pycaret.internal.Display.Display object at 0x000002DB5D00CFA0>, return_train_score=False, kwargs={})
2023-01-03 00:56:50,102:INFO:Checking exceptions
2023-01-03 00:56:50,103:INFO:Importing libraries
2023-01-03 00:56:50,103:INFO:Copying training dataset
2023-01-03 00:56:50,105:INFO:Defining folds
2023-01-03 00:56:50,105:INFO:Declaring metric variables
2023-01-03 00:56:50,871:INFO:Importing untrained model
2023-01-03 00:56:50,889:INFO:Extreme Gradient Boosting Imported succesfully
2023-01-03 00:56:50,915:INFO:Starting cross validation
2023-01-03 00:56:50,919:INFO:Cross validating with KFold(n_splits=10, random_state=None, shuffle=False), n_jobs=-1
2023-01-03 00:56:51,477:INFO:Calculating mean and std
2023-01-03 00:56:51,478:INFO:Creating metrics dataframe
2023-01-03 00:56:51,481:INFO:Uploading results into container
2023-01-03 00:56:51,482:INFO:Uploading model into container now
2023-01-03 00:56:51,482:INFO:create_model_container: 6
2023-01-03 00:56:51,483:INFO:master_model_container: 6
2023-01-03 00:56:51,484:INFO:display_container: 1
2023-01-03 00:56:51,485:INFO:XGBRegressor(base_score=None, booster='gbtree', callbacks=None,
             colsample_bylevel=None, colsample_bynode=None,
             colsample_bytree=None, early_stopping_rounds=None,
             enable_categorical=False, eval_metric=None, gamma=None,
             gpu_id=None, grow_policy=None, importance_type=None,
             interaction_constraints=None, learning_rate=None, max_bin=None,
             max_cat_to_onehot=None, max_delta_step=None, max_depth=None,
             max_leaves=None, min_child_weight=None, missing=nan,
             monotone_constraints=None, n_estimators=100, n_jobs=-1,
             num_parallel_tree=None, objective='reg:squarederror',
             predictor=None, random_state=5476, reg_alpha=None, ...)
2023-01-03 00:56:51,486:INFO:create_model() succesfully completed......................................
2023-01-03 00:56:51,636:WARNING:create_model() for XGBRegressor(base_score=None, booster='gbtree', callbacks=None,
             colsample_bylevel=None, colsample_bynode=None,
             colsample_bytree=None, early_stopping_rounds=None,
             enable_categorical=False, eval_metric=None, gamma=None,
             gpu_id=None, grow_policy=None, importance_type=None,
             interaction_constraints=None, learning_rate=None, max_bin=None,
             max_cat_to_onehot=None, max_delta_step=None, max_depth=None,
             max_leaves=None, min_child_weight=None, missing=nan,
             monotone_constraints=None, n_estimators=100, n_jobs=-1,
             num_parallel_tree=None, objective='reg:squarederror',
             predictor=None, random_state=5476, reg_alpha=None, ...) raised an exception or returned all 0.0, trying without fit_kwargs:
2023-01-03 00:56:51,637:WARNING:Traceback (most recent call last):
  File "f:\anaconda_38\lib\site-packages\pycaret\internal\tabular.py", line 2205, in compare_models
    assert np.sum(model_results.iloc[0]) != 0.0
AssertionError

2023-01-03 00:56:51,639:INFO:Initializing create_model()
2023-01-03 00:56:51,641:INFO:create_model(estimator=xgboost, fold=KFold(n_splits=10, random_state=None, shuffle=False), round=4, cross_validation=True, predict=True, fit_kwargs={}, groups=None, refit=False, verbose=False, system=False, metrics=None, experiment_custom_tags=None, add_to_model_list=True, probability_threshold=None, display=<pycaret.internal.Display.Display object at 0x000002DB5D00CFA0>, return_train_score=False, kwargs={})
2023-01-03 00:56:51,642:INFO:Checking exceptions
2023-01-03 00:56:51,642:INFO:Importing libraries
2023-01-03 00:56:51,643:INFO:Copying training dataset
2023-01-03 00:56:51,645:INFO:Defining folds
2023-01-03 00:56:51,646:INFO:Declaring metric variables
2023-01-03 00:56:51,667:INFO:Importing untrained model
2023-01-03 00:56:51,681:INFO:Extreme Gradient Boosting Imported succesfully
2023-01-03 00:56:51,713:INFO:Starting cross validation
2023-01-03 00:56:51,715:INFO:Cross validating with KFold(n_splits=10, random_state=None, shuffle=False), n_jobs=-1
2023-01-03 00:56:52,010:INFO:Calculating mean and std
2023-01-03 00:56:52,015:INFO:Creating metrics dataframe
2023-01-03 00:56:52,023:INFO:Uploading results into container
2023-01-03 00:56:52,023:INFO:Uploading model into container now
2023-01-03 00:56:52,025:INFO:create_model_container: 7
2023-01-03 00:56:52,026:INFO:master_model_container: 7
2023-01-03 00:56:52,028:INFO:display_container: 1
2023-01-03 00:56:52,029:INFO:XGBRegressor(base_score=None, booster='gbtree', callbacks=None,
             colsample_bylevel=None, colsample_bynode=None,
             colsample_bytree=None, early_stopping_rounds=None,
             enable_categorical=False, eval_metric=None, gamma=None,
             gpu_id=None, grow_policy=None, importance_type=None,
             interaction_constraints=None, learning_rate=None, max_bin=None,
             max_cat_to_onehot=None, max_delta_step=None, max_depth=None,
             max_leaves=None, min_child_weight=None, missing=nan,
             monotone_constraints=None, n_estimators=100, n_jobs=-1,
             num_parallel_tree=None, objective='reg:squarederror',
             predictor=None, random_state=5476, reg_alpha=None, ...)
2023-01-03 00:56:52,033:INFO:create_model() succesfully completed......................................
2023-01-03 00:56:52,176:ERROR:create_model() for XGBRegressor(base_score=None, booster='gbtree', callbacks=None,
             colsample_bylevel=None, colsample_bynode=None,
             colsample_bytree=None, early_stopping_rounds=None,
             enable_categorical=False, eval_metric=None, gamma=None,
             gpu_id=None, grow_policy=None, importance_type=None,
             interaction_constraints=None, learning_rate=None, max_bin=None,
             max_cat_to_onehot=None, max_delta_step=None, max_depth=None,
             max_leaves=None, min_child_weight=None, missing=nan,
             monotone_constraints=None, n_estimators=100, n_jobs=-1,
             num_parallel_tree=None, objective='reg:squarederror',
             predictor=None, random_state=5476, reg_alpha=None, ...) raised an exception or returned all 0.0:
2023-01-03 00:56:52,178:ERROR:Traceback (most recent call last):
  File "f:\anaconda_38\lib\site-packages\pycaret\internal\tabular.py", line 2205, in compare_models
    assert np.sum(model_results.iloc[0]) != 0.0
AssertionError

During handling of the above exception, another exception occurred:

Traceback (most recent call last):
  File "f:\anaconda_38\lib\site-packages\pycaret\internal\tabular.py", line 2214, in compare_models
    assert np.sum(model_results.iloc[0]) != 0.0
AssertionError

2023-01-03 00:56:52,180:INFO:Initializing Light Gradient Boosting Machine
2023-01-03 00:56:52,184:INFO:Total runtime is 49.93360488414764 minutes
2023-01-03 00:56:52,195:INFO:SubProcess create_model() called ==================================
2023-01-03 00:56:52,196:INFO:Initializing create_model()
2023-01-03 00:56:52,200:INFO:create_model(estimator=lightgbm, fold=KFold(n_splits=10, random_state=None, shuffle=False), round=4, cross_validation=True, predict=True, fit_kwargs={}, groups=None, refit=False, verbose=False, system=False, metrics=None, experiment_custom_tags=None, add_to_model_list=True, probability_threshold=None, display=<pycaret.internal.Display.Display object at 0x000002DB5D00CFA0>, return_train_score=False, kwargs={})
2023-01-03 00:56:52,205:INFO:Checking exceptions
2023-01-03 00:56:52,206:INFO:Importing libraries
2023-01-03 00:56:52,207:INFO:Copying training dataset
2023-01-03 00:56:52,209:INFO:Defining folds
2023-01-03 00:56:52,209:INFO:Declaring metric variables
2023-01-03 00:56:52,224:INFO:Importing untrained model
2023-01-03 00:56:52,237:INFO:Light Gradient Boosting Machine Imported succesfully
2023-01-03 00:56:52,265:INFO:Starting cross validation
2023-01-03 00:56:52,267:INFO:Cross validating with KFold(n_splits=10, random_state=None, shuffle=False), n_jobs=-1
2023-01-03 00:56:59,823:INFO:Calculating mean and std
2023-01-03 00:56:59,824:INFO:Creating metrics dataframe
2023-01-03 00:56:59,828:INFO:Uploading results into container
2023-01-03 00:56:59,829:INFO:Uploading model into container now
2023-01-03 00:56:59,830:INFO:create_model_container: 8
2023-01-03 00:56:59,831:INFO:master_model_container: 8
2023-01-03 00:56:59,833:INFO:display_container: 1
2023-01-03 00:56:59,834:INFO:LGBMRegressor(boosting_type='gbdt', class_weight=None, colsample_bytree=1.0,
              importance_type='split', learning_rate=0.1, max_depth=-1,
              min_child_samples=20, min_child_weight=0.001, min_split_gain=0.0,
              n_estimators=100, n_jobs=-1, num_leaves=31, objective=None,
              random_state=5476, reg_alpha=0.0, reg_lambda=0.0, silent='warn',
              subsample=1.0, subsample_for_bin=200000, subsample_freq=0)
2023-01-03 00:56:59,834:INFO:create_model() succesfully completed......................................
2023-01-03 00:56:59,991:WARNING:create_model() for LGBMRegressor(boosting_type='gbdt', class_weight=None, colsample_bytree=1.0,
              importance_type='split', learning_rate=0.1, max_depth=-1,
              min_child_samples=20, min_child_weight=0.001, min_split_gain=0.0,
              n_estimators=100, n_jobs=-1, num_leaves=31, objective=None,
              random_state=5476, reg_alpha=0.0, reg_lambda=0.0, silent='warn',
              subsample=1.0, subsample_for_bin=200000, subsample_freq=0) raised an exception or returned all 0.0, trying without fit_kwargs:
2023-01-03 00:56:59,992:WARNING:Traceback (most recent call last):
  File "f:\anaconda_38\lib\site-packages\pycaret\internal\tabular.py", line 2205, in compare_models
    assert np.sum(model_results.iloc[0]) != 0.0
AssertionError

2023-01-03 00:56:59,994:INFO:Initializing create_model()
2023-01-03 00:56:59,999:INFO:create_model(estimator=lightgbm, fold=KFold(n_splits=10, random_state=None, shuffle=False), round=4, cross_validation=True, predict=True, fit_kwargs={}, groups=None, refit=False, verbose=False, system=False, metrics=None, experiment_custom_tags=None, add_to_model_list=True, probability_threshold=None, display=<pycaret.internal.Display.Display object at 0x000002DB5D00CFA0>, return_train_score=False, kwargs={})
2023-01-03 00:57:00,003:INFO:Checking exceptions
2023-01-03 00:57:00,003:INFO:Importing libraries
2023-01-03 00:57:00,009:INFO:Copying training dataset
2023-01-03 00:57:00,011:INFO:Defining folds
2023-01-03 00:57:00,012:INFO:Declaring metric variables
2023-01-03 00:57:00,038:INFO:Importing untrained model
2023-01-03 00:57:00,051:INFO:Light Gradient Boosting Machine Imported succesfully
2023-01-03 00:57:00,074:INFO:Starting cross validation
2023-01-03 00:57:00,076:INFO:Cross validating with KFold(n_splits=10, random_state=None, shuffle=False), n_jobs=-1
2023-01-03 00:57:01,850:INFO:Calculating mean and std
2023-01-03 00:57:01,854:INFO:Creating metrics dataframe
2023-01-03 00:57:01,861:INFO:Uploading results into container
2023-01-03 00:57:01,861:INFO:Uploading model into container now
2023-01-03 00:57:01,864:INFO:create_model_container: 9
2023-01-03 00:57:01,867:INFO:master_model_container: 9
2023-01-03 00:57:01,869:INFO:display_container: 1
2023-01-03 00:57:01,870:INFO:LGBMRegressor(boosting_type='gbdt', class_weight=None, colsample_bytree=1.0,
              importance_type='split', learning_rate=0.1, max_depth=-1,
              min_child_samples=20, min_child_weight=0.001, min_split_gain=0.0,
              n_estimators=100, n_jobs=-1, num_leaves=31, objective=None,
              random_state=5476, reg_alpha=0.0, reg_lambda=0.0, silent='warn',
              subsample=1.0, subsample_for_bin=200000, subsample_freq=0)
2023-01-03 00:57:01,871:INFO:create_model() succesfully completed......................................
2023-01-03 00:57:02,016:ERROR:create_model() for LGBMRegressor(boosting_type='gbdt', class_weight=None, colsample_bytree=1.0,
              importance_type='split', learning_rate=0.1, max_depth=-1,
              min_child_samples=20, min_child_weight=0.001, min_split_gain=0.0,
              n_estimators=100, n_jobs=-1, num_leaves=31, objective=None,
              random_state=5476, reg_alpha=0.0, reg_lambda=0.0, silent='warn',
              subsample=1.0, subsample_for_bin=200000, subsample_freq=0) raised an exception or returned all 0.0:
2023-01-03 00:57:02,018:ERROR:Traceback (most recent call last):
  File "f:\anaconda_38\lib\site-packages\pycaret\internal\tabular.py", line 2205, in compare_models
    assert np.sum(model_results.iloc[0]) != 0.0
AssertionError

During handling of the above exception, another exception occurred:

Traceback (most recent call last):
  File "f:\anaconda_38\lib\site-packages\pycaret\internal\tabular.py", line 2214, in compare_models
    assert np.sum(model_results.iloc[0]) != 0.0
AssertionError

2023-01-03 00:57:02,019:INFO:Initializing Dummy Regressor
2023-01-03 00:57:02,021:INFO:Total runtime is 50.09756452242533 minutes
2023-01-03 00:57:02,036:INFO:SubProcess create_model() called ==================================
2023-01-03 00:57:02,037:INFO:Initializing create_model()
2023-01-03 00:57:02,043:INFO:create_model(estimator=dummy, fold=KFold(n_splits=10, random_state=None, shuffle=False), round=4, cross_validation=True, predict=True, fit_kwargs={}, groups=None, refit=False, verbose=False, system=False, metrics=None, experiment_custom_tags=None, add_to_model_list=True, probability_threshold=None, display=<pycaret.internal.Display.Display object at 0x000002DB5D00CFA0>, return_train_score=False, kwargs={})
2023-01-03 00:57:02,046:INFO:Checking exceptions
2023-01-03 00:57:02,047:INFO:Importing libraries
2023-01-03 00:57:02,050:INFO:Copying training dataset
2023-01-03 00:57:02,051:INFO:Defining folds
2023-01-03 00:57:02,051:INFO:Declaring metric variables
2023-01-03 00:57:02,072:INFO:Importing untrained model
2023-01-03 00:57:02,083:INFO:Dummy Regressor Imported succesfully
2023-01-03 00:57:02,113:INFO:Starting cross validation
2023-01-03 00:57:02,114:INFO:Cross validating with KFold(n_splits=10, random_state=None, shuffle=False), n_jobs=-1
2023-01-03 00:57:02,247:INFO:Calculating mean and std
2023-01-03 00:57:02,247:INFO:Creating metrics dataframe
2023-01-03 00:57:02,252:INFO:Uploading results into container
2023-01-03 00:57:02,252:INFO:Uploading model into container now
2023-01-03 00:57:02,252:INFO:create_model_container: 10
2023-01-03 00:57:02,253:INFO:master_model_container: 10
2023-01-03 00:57:02,254:INFO:display_container: 1
2023-01-03 00:57:02,255:INFO:DummyRegressor(constant=None, quantile=None, strategy='mean')
2023-01-03 00:57:02,255:INFO:create_model() succesfully completed......................................
2023-01-03 00:57:02,389:INFO:SubProcess create_model() end ==================================
2023-01-03 00:57:02,390:INFO:Creating metrics dataframe
2023-01-03 00:57:02,430:INFO:Initializing create_model()
2023-01-03 00:57:02,431:INFO:create_model(estimator=ExtraTreesRegressor(bootstrap=False, ccp_alpha=0.0, criterion='mse',
                    max_depth=None, max_features='auto', max_leaf_nodes=None,
                    max_samples=None, min_impurity_decrease=0.0,
                    min_impurity_split=None, min_samples_leaf=1,
                    min_samples_split=2, min_weight_fraction_leaf=0.0,
                    n_estimators=100, n_jobs=-1, oob_score=False,
                    random_state=2414, verbose=0, warm_start=False), fold=KFold(n_splits=10, random_state=None, shuffle=False), round=4, cross_validation=False, predict=False, fit_kwargs={}, groups=None, refit=True, verbose=False, system=False, metrics=None, experiment_custom_tags=None, add_to_model_list=True, probability_threshold=None, display=None, return_train_score=False, kwargs={})
2023-01-03 00:57:02,433:INFO:Checking exceptions
2023-01-03 00:57:02,433:INFO:Importing libraries
2023-01-03 00:57:02,436:INFO:Copying training dataset
2023-01-03 00:57:02,439:INFO:Defining folds
2023-01-03 00:57:02,441:INFO:Declaring metric variables
2023-01-03 00:57:02,442:INFO:Importing untrained model
2023-01-03 00:57:02,443:INFO:Declaring custom model
2023-01-03 00:57:02,445:INFO:Extra Trees Regressor Imported succesfully
2023-01-03 00:57:02,446:INFO:Cross validation set to False
2023-01-03 00:57:02,449:INFO:Fitting Model
2023-01-03 00:57:02,459:ERROR:create_model() for ExtraTreesRegressor(bootstrap=False, ccp_alpha=0.0, criterion='mse',
                    max_depth=None, max_features='auto', max_leaf_nodes=None,
                    max_samples=None, min_impurity_decrease=0.0,
                    min_impurity_split=None, min_samples_leaf=1,
                    min_samples_split=2, min_weight_fraction_leaf=0.0,
                    n_estimators=100, n_jobs=-1, oob_score=False,
                    random_state=2414, verbose=0, warm_start=False) raised an exception or returned all 0.0:
2023-01-03 00:57:02,481:ERROR:Traceback (most recent call last):
  File "f:\anaconda_38\lib\site-packages\pycaret\internal\tabular.py", line 2347, in compare_models
    model, model_fit_time = create_model_supervised(
  File "f:\anaconda_38\lib\site-packages\pycaret\internal\tabular.py", line 3136, in create_model_supervised
    pipeline_with_model.fit(data_X, data_y, **fit_kwargs)
  File "f:\anaconda_38\lib\site-packages\pycaret\internal\pipeline.py", line 118, in fit
    result = super().fit(X, y=y, **fit_kwargs)
  File "f:\anaconda_38\lib\site-packages\imblearn\pipeline.py", line 281, in fit
    self._final_estimator.fit(Xt, yt, **fit_params)
  File "f:\anaconda_38\lib\site-packages\sklearn\ensemble\_forest.py", line 303, in fit
    X, y = self._validate_data(X, y, multi_output=True,
  File "f:\anaconda_38\lib\site-packages\sklearn\base.py", line 432, in _validate_data
    X, y = check_X_y(X, y, **check_params)
  File "f:\anaconda_38\lib\site-packages\sklearn\utils\validation.py", line 72, in inner_f
    return f(**kwargs)
  File "f:\anaconda_38\lib\site-packages\sklearn\utils\validation.py", line 795, in check_X_y
    X = check_array(X, accept_sparse=accept_sparse,
  File "f:\anaconda_38\lib\site-packages\sklearn\utils\validation.py", line 72, in inner_f
    return f(**kwargs)
  File "f:\anaconda_38\lib\site-packages\sklearn\utils\validation.py", line 598, in check_array
    array = np.asarray(array, order=order, dtype=dtype)
  File "f:\anaconda_38\lib\site-packages\pandas\core\generic.py", line 2070, in __array__
    return np.asarray(self._values, dtype=dtype)
ValueError: could not convert string to float: 'Earth'

2023-01-03 00:57:02,496:INFO:create_model_container: 10
2023-01-03 00:57:02,497:INFO:master_model_container: 10
2023-01-03 00:57:02,501:INFO:display_container: 1
2023-01-03 00:57:02,502:INFO:[]
2023-01-03 00:57:02,503:INFO:compare_models() succesfully completed......................................
2023-01-03 00:57:47,100:WARNING:Couldn't import catboost.CatBoostRegressor
2023-01-03 00:57:47,236:WARNING:Couldn't import catboost.CatBoostRegressor
2023-01-03 00:57:47,237:INFO:Creating grid variables
2023-01-03 00:57:47,265:INFO:create_model_container: 10
2023-01-03 00:57:47,265:INFO:master_model_container: 10
2023-01-03 00:57:47,265:INFO:display_container: 2
2023-01-03 00:57:47,272:INFO:Pipeline(memory=None,
         steps=[('dtypes',
                 DataTypes_Auto_infer(categorical_features=[],
                                      display_types=False, features_todrop=[],
                                      id_columns=[], ml_usecase='regression',
                                      numerical_features=[],
                                      target='Transported', time_features=[])),
                ('imputer',
                 Simple_Imputer(categorical_strategy='not_available',
                                fill_value_categorical=None,
                                fill_value_numerical=None,
                                numeric_str...
                ('scaling', 'passthrough'), ('P_transform', 'passthrough'),
                ('binn', 'passthrough'), ('rem_outliers', 'passthrough'),
                ('cluster_all', 'passthrough'),
                ('dummy', Dummify(target='Transported')),
                ('fix_perfect', Remove_100(target='Transported')),
                ('clean_names', Clean_Colum_Names()),
                ('feature_select', 'passthrough'), ('fix_multi', 'passthrough'),
                ('dfs', 'passthrough'), ('pca', 'passthrough')],
         verbose=False)
2023-01-03 00:57:47,273:INFO:setup() succesfully completed......................................
2023-01-03 00:57:47,454:INFO:Initializing compare_models()
2023-01-03 00:57:47,458:INFO:compare_models(include=None, fold=None, round=4, cross_validation=True, sort=R2, n_select=1, budget_time=None, turbo=True, errors=ignore, fit_kwargs=None, groups=None, experiment_custom_tags=None, probability_threshold=None, verbose=True, display=None, exclude=None)
2023-01-03 00:57:47,459:INFO:Checking exceptions
2023-01-03 00:57:47,460:INFO:Preparing display monitor
2023-01-03 00:57:47,460:INFO:Preparing display monitor
2023-01-03 00:57:47,476:INFO:Initializing Linear Regression
2023-01-03 00:57:47,477:INFO:Total runtime is 1.6601880391438804e-05 minutes
2023-01-03 00:57:47,490:INFO:SubProcess create_model() called ==================================
2023-01-03 00:57:47,491:INFO:Initializing create_model()
2023-01-03 00:57:47,491:INFO:create_model(estimator=lr, fold=KFold(n_splits=10, random_state=None, shuffle=False), round=4, cross_validation=True, predict=True, fit_kwargs={}, groups=None, refit=False, verbose=False, system=False, metrics=None, experiment_custom_tags=None, add_to_model_list=True, probability_threshold=None, display=<pycaret.internal.Display.Display object at 0x000002DB08F52F70>, return_train_score=False, kwargs={})
2023-01-03 00:57:47,492:INFO:Checking exceptions
2023-01-03 00:57:47,493:INFO:Importing libraries
2023-01-03 00:57:47,494:INFO:Copying training dataset
2023-01-03 00:57:47,614:INFO:Defining folds
2023-01-03 00:57:47,614:INFO:Declaring metric variables
2023-01-03 00:57:47,620:INFO:Importing untrained model
2023-01-03 00:57:47,627:INFO:Linear Regression Imported succesfully
2023-01-03 00:57:47,655:INFO:Starting cross validation
2023-01-03 00:57:47,658:INFO:Cross validating with KFold(n_splits=10, random_state=None, shuffle=False), n_jobs=-1
2023-01-03 01:01:36,818:INFO:Calculating mean and std
2023-01-03 01:01:36,820:INFO:Creating metrics dataframe
2023-01-03 01:01:36,827:INFO:Uploading results into container
2023-01-03 01:01:36,827:INFO:Uploading model into container now
2023-01-03 01:01:36,828:INFO:create_model_container: 11
2023-01-03 01:01:36,829:INFO:master_model_container: 11
2023-01-03 01:01:36,829:INFO:display_container: 3
2023-01-03 01:01:36,830:INFO:LinearRegression(copy_X=True, fit_intercept=True, n_jobs=-1, normalize=False)
2023-01-03 01:01:36,830:INFO:create_model() succesfully completed......................................
2023-01-03 01:01:36,981:INFO:SubProcess create_model() end ==================================
2023-01-03 01:01:36,982:INFO:Creating metrics dataframe
2023-01-03 01:01:36,987:INFO:Initializing Lasso Regression
2023-01-03 01:01:36,991:INFO:Total runtime is 3.825231921672821 minutes
2023-01-03 01:01:36,997:INFO:SubProcess create_model() called ==================================
2023-01-03 01:01:36,997:INFO:Initializing create_model()
2023-01-03 01:01:36,997:INFO:create_model(estimator=lasso, fold=KFold(n_splits=10, random_state=None, shuffle=False), round=4, cross_validation=True, predict=True, fit_kwargs={}, groups=None, refit=False, verbose=False, system=False, metrics=None, experiment_custom_tags=None, add_to_model_list=True, probability_threshold=None, display=<pycaret.internal.Display.Display object at 0x000002DB08F52F70>, return_train_score=False, kwargs={})
2023-01-03 01:01:36,998:INFO:Checking exceptions
2023-01-03 01:01:36,998:INFO:Importing libraries
2023-01-03 01:01:36,998:INFO:Copying training dataset
2023-01-03 01:01:37,136:INFO:Defining folds
2023-01-03 01:01:37,136:INFO:Declaring metric variables
2023-01-03 01:01:37,141:INFO:Importing untrained model
2023-01-03 01:01:37,146:INFO:Lasso Regression Imported succesfully
2023-01-03 01:01:37,158:INFO:Starting cross validation
2023-01-03 01:01:37,159:INFO:Cross validating with KFold(n_splits=10, random_state=None, shuffle=False), n_jobs=-1
2023-01-03 01:01:39,093:INFO:Calculating mean and std
2023-01-03 01:01:39,094:INFO:Creating metrics dataframe
2023-01-03 01:01:39,099:INFO:Uploading results into container
2023-01-03 01:01:39,101:INFO:Uploading model into container now
2023-01-03 01:01:39,101:INFO:create_model_container: 12
2023-01-03 01:01:39,102:INFO:master_model_container: 12
2023-01-03 01:01:39,102:INFO:display_container: 3
2023-01-03 01:01:39,103:INFO:Lasso(alpha=1.0, copy_X=True, fit_intercept=True, max_iter=1000,
      normalize=False, positive=False, precompute=False, random_state=2045,
      selection='cyclic', tol=0.0001, warm_start=False)
2023-01-03 01:01:39,103:INFO:create_model() succesfully completed......................................
2023-01-03 01:01:39,303:INFO:SubProcess create_model() end ==================================
2023-01-03 01:01:39,304:INFO:Creating metrics dataframe
2023-01-03 01:01:39,312:INFO:Initializing Ridge Regression
2023-01-03 01:01:39,313:INFO:Total runtime is 3.863950741291046 minutes
2023-01-03 01:01:39,324:INFO:SubProcess create_model() called ==================================
2023-01-03 01:01:39,325:INFO:Initializing create_model()
2023-01-03 01:01:39,325:INFO:create_model(estimator=ridge, fold=KFold(n_splits=10, random_state=None, shuffle=False), round=4, cross_validation=True, predict=True, fit_kwargs={}, groups=None, refit=False, verbose=False, system=False, metrics=None, experiment_custom_tags=None, add_to_model_list=True, probability_threshold=None, display=<pycaret.internal.Display.Display object at 0x000002DB08F52F70>, return_train_score=False, kwargs={})
2023-01-03 01:01:39,326:INFO:Checking exceptions
2023-01-03 01:01:39,326:INFO:Importing libraries
2023-01-03 01:01:39,326:INFO:Copying training dataset
2023-01-03 01:01:39,485:INFO:Defining folds
2023-01-03 01:01:39,486:INFO:Declaring metric variables
2023-01-03 01:01:39,494:INFO:Importing untrained model
2023-01-03 01:01:39,500:INFO:Ridge Regression Imported succesfully
2023-01-03 01:01:39,511:INFO:Starting cross validation
2023-01-03 01:01:39,512:INFO:Cross validating with KFold(n_splits=10, random_state=None, shuffle=False), n_jobs=-1
2023-01-03 01:03:05,825:WARNING:create_model() for ridge raised an exception or returned all 0.0, trying without fit_kwargs:
2023-01-03 01:03:05,836:WARNING:joblib.externals.loky.process_executor._RemoteTraceback: 
"""
Traceback (most recent call last):
  File "f:\anaconda_38\lib\site-packages\joblib\externals\loky\process_executor.py", line 407, in _process_worker
    call_item = call_queue.get(block=True, timeout=timeout)
  File "f:\anaconda_38\lib\multiprocessing\queues.py", line 102, in get
    if not self._rlock.acquire(block, timeout):
KeyboardInterrupt
"""

The above exception was the direct cause of the following exception:

Traceback (most recent call last):
  File "f:\anaconda_38\lib\site-packages\pycaret\internal\tabular.py", line 2203, in compare_models
    model, model_fit_time = create_model_supervised(**create_model_args)
  File "f:\anaconda_38\lib\site-packages\pycaret\internal\tabular.py", line 3200, in create_model_supervised
    scores = cross_validate(
  File "f:\anaconda_38\lib\site-packages\sklearn\utils\validation.py", line 72, in inner_f
    return f(**kwargs)
  File "f:\anaconda_38\lib\site-packages\sklearn\model_selection\_validation.py", line 242, in cross_validate
    scores = parallel(
  File "f:\anaconda_38\lib\site-packages\joblib\parallel.py", line 1056, in __call__
    self.retrieve()
  File "f:\anaconda_38\lib\site-packages\joblib\parallel.py", line 935, in retrieve
    self._output.extend(job.get(timeout=self.timeout))
  File "f:\anaconda_38\lib\site-packages\joblib\_parallel_backends.py", line 542, in wrap_future_result
    return future.result(timeout=timeout)
  File "f:\anaconda_38\lib\concurrent\futures\_base.py", line 439, in result
    return self.__get_result()
  File "f:\anaconda_38\lib\concurrent\futures\_base.py", line 388, in __get_result
    raise self._exception
joblib.externals.loky.process_executor.BrokenProcessPool: A task has failed to un-serialize. Please ensure that the arguments of the function are all picklable.

2023-01-03 01:03:05,841:INFO:Initializing create_model()
2023-01-03 01:03:05,842:INFO:create_model(estimator=ridge, fold=KFold(n_splits=10, random_state=None, shuffle=False), round=4, cross_validation=True, predict=True, fit_kwargs={}, groups=None, refit=False, verbose=False, system=False, metrics=None, experiment_custom_tags=None, add_to_model_list=True, probability_threshold=None, display=<pycaret.internal.Display.Display object at 0x000002DB08F52F70>, return_train_score=False, kwargs={})
2023-01-03 01:03:05,843:INFO:Checking exceptions
2023-01-03 01:03:05,844:INFO:Importing libraries
2023-01-03 01:03:05,845:INFO:Copying training dataset
2023-01-03 01:03:06,002:INFO:Defining folds
2023-01-03 01:03:06,003:INFO:Declaring metric variables
2023-01-03 01:03:06,010:INFO:Importing untrained model
2023-01-03 01:03:06,019:INFO:Ridge Regression Imported succesfully
2023-01-03 01:03:06,037:INFO:Starting cross validation
2023-01-03 01:03:06,038:INFO:Cross validating with KFold(n_splits=10, random_state=None, shuffle=False), n_jobs=-1
2023-01-03 01:03:08,332:ERROR:create_model() for ridge raised an exception or returned all 0.0:
2023-01-03 01:03:08,336:ERROR:joblib.externals.loky.process_executor._RemoteTraceback: 
"""
Traceback (most recent call last):
  File "f:\anaconda_38\lib\site-packages\joblib\externals\loky\process_executor.py", line 407, in _process_worker
    call_item = call_queue.get(block=True, timeout=timeout)
  File "f:\anaconda_38\lib\multiprocessing\queues.py", line 102, in get
    if not self._rlock.acquire(block, timeout):
KeyboardInterrupt
"""

The above exception was the direct cause of the following exception:

Traceback (most recent call last):
  File "f:\anaconda_38\lib\site-packages\pycaret\internal\tabular.py", line 2203, in compare_models
    model, model_fit_time = create_model_supervised(**create_model_args)
  File "f:\anaconda_38\lib\site-packages\pycaret\internal\tabular.py", line 3200, in create_model_supervised
    scores = cross_validate(
  File "f:\anaconda_38\lib\site-packages\sklearn\utils\validation.py", line 72, in inner_f
    return f(**kwargs)
  File "f:\anaconda_38\lib\site-packages\sklearn\model_selection\_validation.py", line 242, in cross_validate
    scores = parallel(
  File "f:\anaconda_38\lib\site-packages\joblib\parallel.py", line 1056, in __call__
    self.retrieve()
  File "f:\anaconda_38\lib\site-packages\joblib\parallel.py", line 935, in retrieve
    self._output.extend(job.get(timeout=self.timeout))
  File "f:\anaconda_38\lib\site-packages\joblib\_parallel_backends.py", line 542, in wrap_future_result
    return future.result(timeout=timeout)
  File "f:\anaconda_38\lib\concurrent\futures\_base.py", line 439, in result
    return self.__get_result()
  File "f:\anaconda_38\lib\concurrent\futures\_base.py", line 388, in __get_result
    raise self._exception
joblib.externals.loky.process_executor.BrokenProcessPool: A task has failed to un-serialize. Please ensure that the arguments of the function are all picklable.

During handling of the above exception, another exception occurred:

Traceback (most recent call last):
  File "f:\anaconda_38\lib\site-packages\pycaret\internal\tabular.py", line 2212, in compare_models
    model, model_fit_time = create_model_supervised(**create_model_args)
  File "f:\anaconda_38\lib\site-packages\pycaret\internal\tabular.py", line 3200, in create_model_supervised
    scores = cross_validate(
  File "f:\anaconda_38\lib\site-packages\sklearn\utils\validation.py", line 72, in inner_f
    return f(**kwargs)
  File "f:\anaconda_38\lib\site-packages\sklearn\model_selection\_validation.py", line 242, in cross_validate
    scores = parallel(
  File "f:\anaconda_38\lib\site-packages\joblib\parallel.py", line 1056, in __call__
    self.retrieve()
  File "f:\anaconda_38\lib\site-packages\joblib\parallel.py", line 935, in retrieve
    self._output.extend(job.get(timeout=self.timeout))
  File "f:\anaconda_38\lib\site-packages\joblib\_parallel_backends.py", line 542, in wrap_future_result
    return future.result(timeout=timeout)
  File "f:\anaconda_38\lib\concurrent\futures\_base.py", line 439, in result
    return self.__get_result()
  File "f:\anaconda_38\lib\concurrent\futures\_base.py", line 388, in __get_result
    raise self._exception
joblib.externals.loky.process_executor.TerminatedWorkerError: A worker process managed by the executor was unexpectedly terminated. This could be caused by a segmentation fault while calling the function or by an excessive memory usage causing the Operating System to kill the worker.


2023-01-03 01:03:08,337:INFO:Initializing Elastic Net
2023-01-03 01:03:08,338:INFO:Total runtime is 5.347690669695536 minutes
2023-01-03 01:03:08,343:INFO:SubProcess create_model() called ==================================
2023-01-03 01:03:08,344:INFO:Initializing create_model()
2023-01-03 01:03:08,344:INFO:create_model(estimator=en, fold=KFold(n_splits=10, random_state=None, shuffle=False), round=4, cross_validation=True, predict=True, fit_kwargs={}, groups=None, refit=False, verbose=False, system=False, metrics=None, experiment_custom_tags=None, add_to_model_list=True, probability_threshold=None, display=<pycaret.internal.Display.Display object at 0x000002DB08F52F70>, return_train_score=False, kwargs={})
2023-01-03 01:03:08,346:INFO:Checking exceptions
2023-01-03 01:03:08,352:INFO:Importing libraries
2023-01-03 01:03:08,355:INFO:Copying training dataset
2023-01-03 01:03:08,478:INFO:Defining folds
2023-01-03 01:03:08,479:INFO:Declaring metric variables
2023-01-03 01:03:08,485:INFO:Importing untrained model
2023-01-03 01:03:08,497:INFO:Elastic Net Imported succesfully
2023-01-03 01:03:08,517:INFO:Starting cross validation
2023-01-03 01:03:08,518:INFO:Cross validating with KFold(n_splits=10, random_state=None, shuffle=False), n_jobs=-1
2023-01-03 01:03:11,591:WARNING:create_model() for en raised an exception or returned all 0.0, trying without fit_kwargs:
2023-01-03 01:03:11,594:WARNING:Traceback (most recent call last):
  File "f:\anaconda_38\lib\site-packages\pycaret\internal\tabular.py", line 2203, in compare_models
    model, model_fit_time = create_model_supervised(**create_model_args)
  File "f:\anaconda_38\lib\site-packages\pycaret\internal\tabular.py", line 3200, in create_model_supervised
    scores = cross_validate(
  File "f:\anaconda_38\lib\site-packages\sklearn\utils\validation.py", line 72, in inner_f
    return f(**kwargs)
  File "f:\anaconda_38\lib\site-packages\sklearn\model_selection\_validation.py", line 242, in cross_validate
    scores = parallel(
  File "f:\anaconda_38\lib\site-packages\joblib\parallel.py", line 1056, in __call__
    self.retrieve()
  File "f:\anaconda_38\lib\site-packages\joblib\parallel.py", line 935, in retrieve
    self._output.extend(job.get(timeout=self.timeout))
  File "f:\anaconda_38\lib\site-packages\joblib\_parallel_backends.py", line 542, in wrap_future_result
    return future.result(timeout=timeout)
  File "f:\anaconda_38\lib\concurrent\futures\_base.py", line 439, in result
    return self.__get_result()
  File "f:\anaconda_38\lib\concurrent\futures\_base.py", line 388, in __get_result
    raise self._exception
joblib.externals.loky.process_executor.TerminatedWorkerError: A worker process managed by the executor was unexpectedly terminated. This could be caused by a segmentation fault while calling the function or by an excessive memory usage causing the Operating System to kill the worker.


2023-01-03 01:03:11,595:INFO:Initializing create_model()
2023-01-03 01:03:11,595:INFO:create_model(estimator=en, fold=KFold(n_splits=10, random_state=None, shuffle=False), round=4, cross_validation=True, predict=True, fit_kwargs={}, groups=None, refit=False, verbose=False, system=False, metrics=None, experiment_custom_tags=None, add_to_model_list=True, probability_threshold=None, display=<pycaret.internal.Display.Display object at 0x000002DB08F52F70>, return_train_score=False, kwargs={})
2023-01-03 01:03:11,596:INFO:Checking exceptions
2023-01-03 01:03:11,597:INFO:Importing libraries
2023-01-03 01:03:11,597:INFO:Copying training dataset
2023-01-03 01:03:11,723:INFO:Defining folds
2023-01-03 01:03:11,723:INFO:Declaring metric variables
2023-01-03 01:03:11,734:INFO:Importing untrained model
2023-01-03 01:03:11,738:INFO:Elastic Net Imported succesfully
2023-01-03 01:03:11,754:INFO:Starting cross validation
2023-01-03 01:03:11,755:INFO:Cross validating with KFold(n_splits=10, random_state=None, shuffle=False), n_jobs=-1
2023-01-03 01:03:12,796:ERROR:create_model() for en raised an exception or returned all 0.0:
2023-01-03 01:03:12,799:ERROR:Traceback (most recent call last):
  File "f:\anaconda_38\lib\site-packages\pycaret\internal\tabular.py", line 2203, in compare_models
    model, model_fit_time = create_model_supervised(**create_model_args)
  File "f:\anaconda_38\lib\site-packages\pycaret\internal\tabular.py", line 3200, in create_model_supervised
    scores = cross_validate(
  File "f:\anaconda_38\lib\site-packages\sklearn\utils\validation.py", line 72, in inner_f
    return f(**kwargs)
  File "f:\anaconda_38\lib\site-packages\sklearn\model_selection\_validation.py", line 242, in cross_validate
    scores = parallel(
  File "f:\anaconda_38\lib\site-packages\joblib\parallel.py", line 1056, in __call__
    self.retrieve()
  File "f:\anaconda_38\lib\site-packages\joblib\parallel.py", line 935, in retrieve
    self._output.extend(job.get(timeout=self.timeout))
  File "f:\anaconda_38\lib\site-packages\joblib\_parallel_backends.py", line 542, in wrap_future_result
    return future.result(timeout=timeout)
  File "f:\anaconda_38\lib\concurrent\futures\_base.py", line 439, in result
    return self.__get_result()
  File "f:\anaconda_38\lib\concurrent\futures\_base.py", line 388, in __get_result
    raise self._exception
joblib.externals.loky.process_executor.TerminatedWorkerError: A worker process managed by the executor was unexpectedly terminated. This could be caused by a segmentation fault while calling the function or by an excessive memory usage causing the Operating System to kill the worker.


During handling of the above exception, another exception occurred:

Traceback (most recent call last):
  File "f:\anaconda_38\lib\site-packages\pycaret\internal\tabular.py", line 2212, in compare_models
    model, model_fit_time = create_model_supervised(**create_model_args)
  File "f:\anaconda_38\lib\site-packages\pycaret\internal\tabular.py", line 3200, in create_model_supervised
    scores = cross_validate(
  File "f:\anaconda_38\lib\site-packages\sklearn\utils\validation.py", line 72, in inner_f
    return f(**kwargs)
  File "f:\anaconda_38\lib\site-packages\sklearn\model_selection\_validation.py", line 242, in cross_validate
    scores = parallel(
  File "f:\anaconda_38\lib\site-packages\joblib\parallel.py", line 1056, in __call__
    self.retrieve()
  File "f:\anaconda_38\lib\site-packages\joblib\parallel.py", line 935, in retrieve
    self._output.extend(job.get(timeout=self.timeout))
  File "f:\anaconda_38\lib\site-packages\joblib\_parallel_backends.py", line 542, in wrap_future_result
    return future.result(timeout=timeout)
  File "f:\anaconda_38\lib\concurrent\futures\_base.py", line 439, in result
    return self.__get_result()
  File "f:\anaconda_38\lib\concurrent\futures\_base.py", line 388, in __get_result
    raise self._exception
joblib.externals.loky.process_executor.TerminatedWorkerError: A worker process managed by the executor was unexpectedly terminated. This could be caused by a segmentation fault while calling the function or by an excessive memory usage causing the Operating System to kill the worker.


2023-01-03 01:03:12,801:INFO:Initializing Least Angle Regression
2023-01-03 01:03:12,802:INFO:Total runtime is 5.4221022884051004 minutes
2023-01-03 01:03:12,806:INFO:SubProcess create_model() called ==================================
2023-01-03 01:03:12,807:INFO:Initializing create_model()
2023-01-03 01:03:12,808:INFO:create_model(estimator=lar, fold=KFold(n_splits=10, random_state=None, shuffle=False), round=4, cross_validation=True, predict=True, fit_kwargs={}, groups=None, refit=False, verbose=False, system=False, metrics=None, experiment_custom_tags=None, add_to_model_list=True, probability_threshold=None, display=<pycaret.internal.Display.Display object at 0x000002DB08F52F70>, return_train_score=False, kwargs={})
2023-01-03 01:03:12,809:INFO:Checking exceptions
2023-01-03 01:03:12,813:INFO:Importing libraries
2023-01-03 01:03:12,816:INFO:Copying training dataset
2023-01-03 01:03:12,936:INFO:Defining folds
2023-01-03 01:03:12,937:INFO:Declaring metric variables
2023-01-03 01:03:12,943:INFO:Importing untrained model
2023-01-03 01:03:12,949:INFO:Least Angle Regression Imported succesfully
2023-01-03 01:03:12,966:INFO:Starting cross validation
2023-01-03 01:03:12,968:INFO:Cross validating with KFold(n_splits=10, random_state=None, shuffle=False), n_jobs=-1
2023-01-03 01:03:13,615:WARNING:create_model() for lar raised an exception or returned all 0.0, trying without fit_kwargs:
2023-01-03 01:03:13,616:WARNING:Traceback (most recent call last):
  File "f:\anaconda_38\lib\site-packages\pycaret\internal\tabular.py", line 2203, in compare_models
    model, model_fit_time = create_model_supervised(**create_model_args)
  File "f:\anaconda_38\lib\site-packages\pycaret\internal\tabular.py", line 3200, in create_model_supervised
    scores = cross_validate(
  File "f:\anaconda_38\lib\site-packages\sklearn\utils\validation.py", line 72, in inner_f
    return f(**kwargs)
  File "f:\anaconda_38\lib\site-packages\sklearn\model_selection\_validation.py", line 242, in cross_validate
    scores = parallel(
  File "f:\anaconda_38\lib\site-packages\joblib\parallel.py", line 1056, in __call__
    self.retrieve()
  File "f:\anaconda_38\lib\site-packages\joblib\parallel.py", line 935, in retrieve
    self._output.extend(job.get(timeout=self.timeout))
  File "f:\anaconda_38\lib\site-packages\joblib\_parallel_backends.py", line 542, in wrap_future_result
    return future.result(timeout=timeout)
  File "f:\anaconda_38\lib\concurrent\futures\_base.py", line 439, in result
    return self.__get_result()
  File "f:\anaconda_38\lib\concurrent\futures\_base.py", line 388, in __get_result
    raise self._exception
joblib.externals.loky.process_executor.TerminatedWorkerError: A worker process managed by the executor was unexpectedly terminated. This could be caused by a segmentation fault while calling the function or by an excessive memory usage causing the Operating System to kill the worker.


2023-01-03 01:03:13,618:INFO:Initializing create_model()
2023-01-03 01:03:13,618:INFO:create_model(estimator=lar, fold=KFold(n_splits=10, random_state=None, shuffle=False), round=4, cross_validation=True, predict=True, fit_kwargs={}, groups=None, refit=False, verbose=False, system=False, metrics=None, experiment_custom_tags=None, add_to_model_list=True, probability_threshold=None, display=<pycaret.internal.Display.Display object at 0x000002DB08F52F70>, return_train_score=False, kwargs={})
2023-01-03 01:03:13,618:INFO:Checking exceptions
2023-01-03 01:03:13,619:INFO:Importing libraries
2023-01-03 01:03:13,619:INFO:Copying training dataset
2023-01-03 01:03:13,742:INFO:Defining folds
2023-01-03 01:03:13,742:INFO:Declaring metric variables
2023-01-03 01:03:13,747:INFO:Importing untrained model
2023-01-03 01:03:13,751:INFO:Least Angle Regression Imported succesfully
2023-01-03 01:03:13,756:INFO:Starting cross validation
2023-01-03 01:03:13,756:INFO:Cross validating with KFold(n_splits=10, random_state=None, shuffle=False), n_jobs=-1
2023-01-03 01:03:16,712:ERROR:create_model() for lar raised an exception or returned all 0.0:
2023-01-03 01:03:16,714:ERROR:Traceback (most recent call last):
  File "f:\anaconda_38\lib\site-packages\pycaret\internal\tabular.py", line 2203, in compare_models
    model, model_fit_time = create_model_supervised(**create_model_args)
  File "f:\anaconda_38\lib\site-packages\pycaret\internal\tabular.py", line 3200, in create_model_supervised
    scores = cross_validate(
  File "f:\anaconda_38\lib\site-packages\sklearn\utils\validation.py", line 72, in inner_f
    return f(**kwargs)
  File "f:\anaconda_38\lib\site-packages\sklearn\model_selection\_validation.py", line 242, in cross_validate
    scores = parallel(
  File "f:\anaconda_38\lib\site-packages\joblib\parallel.py", line 1056, in __call__
    self.retrieve()
  File "f:\anaconda_38\lib\site-packages\joblib\parallel.py", line 935, in retrieve
    self._output.extend(job.get(timeout=self.timeout))
  File "f:\anaconda_38\lib\site-packages\joblib\_parallel_backends.py", line 542, in wrap_future_result
    return future.result(timeout=timeout)
  File "f:\anaconda_38\lib\concurrent\futures\_base.py", line 439, in result
    return self.__get_result()
  File "f:\anaconda_38\lib\concurrent\futures\_base.py", line 388, in __get_result
    raise self._exception
joblib.externals.loky.process_executor.TerminatedWorkerError: A worker process managed by the executor was unexpectedly terminated. This could be caused by a segmentation fault while calling the function or by an excessive memory usage causing the Operating System to kill the worker.


During handling of the above exception, another exception occurred:

Traceback (most recent call last):
  File "f:\anaconda_38\lib\site-packages\pycaret\internal\tabular.py", line 2212, in compare_models
    model, model_fit_time = create_model_supervised(**create_model_args)
  File "f:\anaconda_38\lib\site-packages\pycaret\internal\tabular.py", line 3200, in create_model_supervised
    scores = cross_validate(
  File "f:\anaconda_38\lib\site-packages\sklearn\utils\validation.py", line 72, in inner_f
    return f(**kwargs)
  File "f:\anaconda_38\lib\site-packages\sklearn\model_selection\_validation.py", line 242, in cross_validate
    scores = parallel(
  File "f:\anaconda_38\lib\site-packages\joblib\parallel.py", line 1056, in __call__
    self.retrieve()
  File "f:\anaconda_38\lib\site-packages\joblib\parallel.py", line 935, in retrieve
    self._output.extend(job.get(timeout=self.timeout))
  File "f:\anaconda_38\lib\site-packages\joblib\_parallel_backends.py", line 542, in wrap_future_result
    return future.result(timeout=timeout)
  File "f:\anaconda_38\lib\concurrent\futures\_base.py", line 439, in result
    return self.__get_result()
  File "f:\anaconda_38\lib\concurrent\futures\_base.py", line 388, in __get_result
    raise self._exception
joblib.externals.loky.process_executor.TerminatedWorkerError: A worker process managed by the executor was unexpectedly terminated. This could be caused by a segmentation fault while calling the function or by an excessive memory usage causing the Operating System to kill the worker.


2023-01-03 01:03:16,716:INFO:Initializing Lasso Least Angle Regression
2023-01-03 01:03:16,716:INFO:Total runtime is 5.487325219313304 minutes
2023-01-03 01:03:16,720:INFO:SubProcess create_model() called ==================================
2023-01-03 01:03:16,720:INFO:Initializing create_model()
2023-01-03 01:03:16,720:INFO:create_model(estimator=llar, fold=KFold(n_splits=10, random_state=None, shuffle=False), round=4, cross_validation=True, predict=True, fit_kwargs={}, groups=None, refit=False, verbose=False, system=False, metrics=None, experiment_custom_tags=None, add_to_model_list=True, probability_threshold=None, display=<pycaret.internal.Display.Display object at 0x000002DB08F52F70>, return_train_score=False, kwargs={})
2023-01-03 01:03:16,720:INFO:Checking exceptions
2023-01-03 01:03:16,721:INFO:Importing libraries
2023-01-03 01:03:16,721:INFO:Copying training dataset
2023-01-03 01:03:16,840:INFO:Defining folds
2023-01-03 01:03:16,840:INFO:Declaring metric variables
2023-01-03 01:03:16,843:INFO:Importing untrained model
2023-01-03 01:03:16,846:INFO:Lasso Least Angle Regression Imported succesfully
2023-01-03 01:03:16,853:INFO:Starting cross validation
2023-01-03 01:03:16,854:INFO:Cross validating with KFold(n_splits=10, random_state=None, shuffle=False), n_jobs=-1
2023-01-03 01:03:19,026:WARNING:create_model() for llar raised an exception or returned all 0.0, trying without fit_kwargs:
2023-01-03 01:03:19,028:WARNING:Traceback (most recent call last):
  File "f:\anaconda_38\lib\site-packages\pycaret\internal\tabular.py", line 2203, in compare_models
    model, model_fit_time = create_model_supervised(**create_model_args)
  File "f:\anaconda_38\lib\site-packages\pycaret\internal\tabular.py", line 3200, in create_model_supervised
    scores = cross_validate(
  File "f:\anaconda_38\lib\site-packages\sklearn\utils\validation.py", line 72, in inner_f
    return f(**kwargs)
  File "f:\anaconda_38\lib\site-packages\sklearn\model_selection\_validation.py", line 242, in cross_validate
    scores = parallel(
  File "f:\anaconda_38\lib\site-packages\joblib\parallel.py", line 1056, in __call__
    self.retrieve()
  File "f:\anaconda_38\lib\site-packages\joblib\parallel.py", line 935, in retrieve
    self._output.extend(job.get(timeout=self.timeout))
  File "f:\anaconda_38\lib\site-packages\joblib\_parallel_backends.py", line 542, in wrap_future_result
    return future.result(timeout=timeout)
  File "f:\anaconda_38\lib\concurrent\futures\_base.py", line 439, in result
    return self.__get_result()
  File "f:\anaconda_38\lib\concurrent\futures\_base.py", line 388, in __get_result
    raise self._exception
joblib.externals.loky.process_executor.TerminatedWorkerError: A worker process managed by the executor was unexpectedly terminated. This could be caused by a segmentation fault while calling the function or by an excessive memory usage causing the Operating System to kill the worker.


2023-01-03 01:03:19,029:INFO:Initializing create_model()
2024-05-16 10:48:53,611:WARNING:
'cuml' is a soft dependency and not included in the pycaret installation. Please run: `pip install cuml` to install.
2024-05-16 10:48:53,619:WARNING:
'cuml' is a soft dependency and not included in the pycaret installation. Please run: `pip install cuml` to install.
2024-05-16 10:48:53,619:WARNING:
'cuml' is a soft dependency and not included in the pycaret installation. Please run: `pip install cuml` to install.
2024-05-16 10:48:53,620:WARNING:
'cuml' is a soft dependency and not included in the pycaret installation. Please run: `pip install cuml` to install.
2024-05-17 19:18:06,893:INFO:PyCaret Supervised Module
2024-05-17 19:18:06,902:INFO:ML Usecase: regression
2024-05-17 19:18:06,902:INFO:version 2.3.10
2024-05-17 19:18:06,902:INFO:Initializing setup()
2024-05-17 19:18:06,902:INFO:setup(target=RES, ml_usecase=regression, available_plots={'parameter': 'Hyperparameters', 'residuals': 'Residuals', 'error': 'Prediction Error', 'cooks': 'Cooks Distance', 'rfe': 'Feature Selection', 'learning': 'Learning Curve', 'manifold': 'Manifold Learning', 'vc': 'Validation Curve', 'feature': 'Feature Importance', 'feature_all': 'Feature Importance (All)', 'tree': 'Decision Tree', 'residuals_interactive': 'Interactive Residuals'}, train_size=0.7, test_data=None, preprocess=True, imputation_type=simple, iterative_imputation_iters=5, categorical_features=None, categorical_imputation=constant, categorical_iterative_imputer=lightgbm, ordinal_features=None, high_cardinality_features=None, high_cardinality_method=frequency, numeric_features=None, numeric_imputation=mean, numeric_iterative_imputer=lightgbm, date_features=None, ignore_features=None, normalize=False, normalize_method=zscore, transformation=False, transformation_method=yeo-johnson, handle_unknown_categorical=True, unknown_categorical_method=least_frequent, pca=False, pca_method=linear, pca_components=None, ignore_low_variance=False, combine_rare_levels=False, rare_level_threshold=0.1, bin_numeric_features=None, remove_outliers=False, outliers_threshold=0.05, remove_multicollinearity=False, multicollinearity_threshold=0.9, remove_perfect_collinearity=True, create_clusters=False, cluster_iter=20, polynomial_features=False, polynomial_degree=2, trigonometry_features=False, polynomial_threshold=0.1, group_features=None, group_names=None, feature_selection=False, feature_selection_threshold=0.8, feature_selection_method=classic, feature_interaction=False, feature_ratio=False, interaction_threshold=0.01, fix_imbalance=False, fix_imbalance_method=None, transform_target=False, transform_target_method=box-cox, data_split_shuffle=True, data_split_stratify=False, fold_strategy=kfold, fold=10, fold_shuffle=False, fold_groups=None, n_jobs=-1, use_gpu=False, custom_pipeline=None, html=True, session_id=None, log_experiment=False, experiment_name=None, experiment_custom_tags=None, log_plots=False, log_profile=False, log_data=False, silent=True, verbose=True, profile=False, profile_kwargs=None, display=None)
2024-05-17 19:18:06,904:INFO:Checking environment
2024-05-17 19:18:06,904:INFO:python_version: 3.8.19
2024-05-17 19:18:06,904:INFO:python_build: ('default', 'Mar 20 2024 19:55:45')
2024-05-17 19:18:06,904:INFO:machine: AMD64
2024-05-17 19:18:06,929:INFO:platform: Windows-10-10.0.22631-SP0
2024-05-17 19:18:06,930:INFO:Memory: svmem(total=16934494208, available=1407926272, percent=91.7, used=15526567936, free=1407926272)
2024-05-17 19:18:06,930:INFO:Physical Core: 4
2024-05-17 19:18:06,930:INFO:Logical Core: 8
2024-05-17 19:18:06,930:INFO:Checking libraries
2024-05-17 19:18:06,931:INFO:pd==1.5.1
2024-05-17 19:18:06,931:INFO:numpy==1.20.3
2024-05-17 19:18:06,931:INFO:sklearn==0.23.2
2024-05-17 19:18:06,931:INFO:lightgbm==3.3.3
2024-05-17 19:18:06,932:WARNING:catboost not found
2024-05-17 19:18:06,933:WARNING:xgboost not found
2024-05-17 19:18:06,934:INFO:mlflow==1.30.0
2024-05-17 19:18:06,934:INFO:Checking Exceptions
2024-05-17 19:18:06,934:INFO:Declaring global variables
2024-05-17 19:18:06,934:INFO:USI: 23f8
2024-05-17 19:18:06,934:INFO:pycaret_globals: {'X_test', 'dashboard_logger', 'target_param', 'create_model_container', '_ml_usecase', 'fix_imbalance_method_param', 'iterative_imputation_iters_param', '_all_metrics', 'y', 'fix_imbalance_param', 'log_plots_param', '_available_plots', 'fold_groups_param_full', 'seed', 'master_model_container', 'data_before_preprocess', '_all_models', 'X_train', 'fold_param', '_internal_pipeline', 'exp_name_log', '_all_models_internal', 'transform_target_method_param', 'imputation_classifier', 'y_train', 'X', 'transform_target_param', 'fold_groups_param', 'experiment__', 'fold_shuffle_param', 'logging_param', 'stratify_param', 'prep_pipe', 'pycaret_globals', 'n_jobs_param', 'fold_generator', 'html_param', 'display_container', '_gpu_n_jobs_param', 'y_test', 'imputation_regressor', 'USI', 'gpu_param'}
2024-05-17 19:18:06,935:INFO:Preparing display monitor
2024-05-17 19:18:06,935:INFO:Preparing display monitor
2024-05-17 19:18:06,944:INFO:Importing libraries
2024-05-17 19:18:06,944:INFO:Copying data for preprocessing
2024-05-17 19:18:06,948:INFO:Declaring preprocessing parameters
2024-05-17 19:18:06,951:INFO:Creating preprocessing pipeline
2024-05-17 19:18:07,018:INFO:Preprocessing pipeline created successfully
2024-05-17 19:18:07,018:ERROR:(Process Exit): setup has been interupted with user command 'quit'. setup must rerun.
2024-05-17 19:18:07,018:INFO:Creating global containers
2024-05-17 19:18:07,028:INFO:Internal pipeline: Pipeline(memory=None, steps=[('empty_step', 'passthrough')], verbose=False)
2024-05-17 19:18:09,215:WARNING:Couldn't import xgboost.XGBRegressor
2024-05-17 19:18:09,216:WARNING:Couldn't import catboost.CatBoostRegressor
2024-05-17 19:18:09,347:WARNING:Couldn't import xgboost.XGBRegressor
2024-05-17 19:18:09,348:WARNING:Couldn't import catboost.CatBoostRegressor
2024-05-17 19:18:09,349:INFO:Creating grid variables
2024-05-17 19:18:09,352:INFO:create_model_container: 0
2024-05-17 19:18:09,353:INFO:master_model_container: 0
2024-05-17 19:18:09,353:INFO:display_container: 1
2024-05-17 19:18:09,357:INFO:Pipeline(memory=None,
         steps=[('dtypes',
                 DataTypes_Auto_infer(categorical_features=[],
                                      display_types=False, features_todrop=[],
                                      id_columns=[], ml_usecase='regression',
                                      numerical_features=[], target='RES',
                                      time_features=[])),
                ('imputer',
                 Simple_Imputer(categorical_strategy='not_available',
                                fill_value_categorical=None,
                                fill_value_numerical=None,
                                numeric_strategy='m...
                ('scaling', 'passthrough'), ('P_transform', 'passthrough'),
                ('binn', 'passthrough'), ('rem_outliers', 'passthrough'),
                ('cluster_all', 'passthrough'),
                ('dummy', Dummify(target='RES')),
                ('fix_perfect', Remove_100(target='RES')),
                ('clean_names', Clean_Colum_Names()),
                ('feature_select', 'passthrough'), ('fix_multi', 'passthrough'),
                ('dfs', 'passthrough'), ('pca', 'passthrough')],
         verbose=False)
2024-05-17 19:18:09,359:INFO:setup() succesfully completed......................................
2024-05-17 19:36:32,046:INFO:PyCaret Supervised Module
2024-05-17 19:36:32,046:INFO:ML Usecase: regression
2024-05-17 19:36:32,046:INFO:version 2.3.10
2024-05-17 19:36:32,047:INFO:Initializing setup()
2024-05-17 19:36:32,048:INFO:setup(target=1, ml_usecase=regression, available_plots={'parameter': 'Hyperparameters', 'residuals': 'Residuals', 'error': 'Prediction Error', 'cooks': 'Cooks Distance', 'rfe': 'Feature Selection', 'learning': 'Learning Curve', 'manifold': 'Manifold Learning', 'vc': 'Validation Curve', 'feature': 'Feature Importance', 'feature_all': 'Feature Importance (All)', 'tree': 'Decision Tree', 'residuals_interactive': 'Interactive Residuals'}, train_size=0.7, test_data=None, preprocess=True, imputation_type=simple, iterative_imputation_iters=5, categorical_features=None, categorical_imputation=constant, categorical_iterative_imputer=lightgbm, ordinal_features=None, high_cardinality_features=None, high_cardinality_method=frequency, numeric_features=None, numeric_imputation=mean, numeric_iterative_imputer=lightgbm, date_features=None, ignore_features=None, normalize=False, normalize_method=zscore, transformation=False, transformation_method=yeo-johnson, handle_unknown_categorical=True, unknown_categorical_method=least_frequent, pca=False, pca_method=linear, pca_components=None, ignore_low_variance=False, combine_rare_levels=False, rare_level_threshold=0.1, bin_numeric_features=None, remove_outliers=False, outliers_threshold=0.05, remove_multicollinearity=False, multicollinearity_threshold=0.9, remove_perfect_collinearity=True, create_clusters=False, cluster_iter=20, polynomial_features=False, polynomial_degree=2, trigonometry_features=False, polynomial_threshold=0.1, group_features=None, group_names=None, feature_selection=False, feature_selection_threshold=0.8, feature_selection_method=classic, feature_interaction=False, feature_ratio=False, interaction_threshold=0.01, fix_imbalance=False, fix_imbalance_method=None, transform_target=False, transform_target_method=box-cox, data_split_shuffle=True, data_split_stratify=False, fold_strategy=kfold, fold=10, fold_shuffle=False, fold_groups=None, n_jobs=-1, use_gpu=False, custom_pipeline=None, html=True, session_id=None, log_experiment=False, experiment_name=None, experiment_custom_tags=None, log_plots=False, log_profile=False, log_data=False, silent=True, verbose=True, profile=False, profile_kwargs=None, display=None)
2024-05-17 19:36:32,057:INFO:Checking environment
2024-05-17 19:36:32,057:INFO:python_version: 3.8.19
2024-05-17 19:36:32,057:INFO:python_build: ('default', 'Mar 20 2024 19:55:45')
2024-05-17 19:36:32,057:INFO:machine: AMD64
2024-05-17 19:36:32,086:INFO:platform: Windows-10-10.0.22631-SP0
2024-05-17 19:36:32,086:INFO:Memory: svmem(total=16934494208, available=1693339648, percent=90.0, used=15241154560, free=1693339648)
2024-05-17 19:36:32,086:INFO:Physical Core: 4
2024-05-17 19:36:32,087:INFO:Logical Core: 8
2024-05-17 19:36:32,087:INFO:Checking libraries
2024-05-17 19:36:32,087:INFO:pd==1.5.1
2024-05-17 19:36:32,087:INFO:numpy==1.20.3
2024-05-17 19:36:32,087:INFO:sklearn==0.23.2
2024-05-17 19:36:32,087:INFO:lightgbm==3.3.3
2024-05-17 19:36:32,088:WARNING:catboost not found
2024-05-17 19:36:32,090:WARNING:xgboost not found
2024-05-17 19:36:32,090:INFO:mlflow==1.30.0
2024-05-17 19:36:32,090:INFO:Checking Exceptions
2024-05-17 19:36:32,090:INFO:Declaring global variables
2024-05-17 19:36:32,091:INFO:USI: de8d
2024-05-17 19:36:32,091:INFO:pycaret_globals: {'fold_param', 'exp_name_log', 'target_param', 'stratify_param', 'imputation_classifier', 'seed', 'pycaret_globals', 'transform_target_method_param', 'gpu_param', 'X_train', 'y_train', 'y_test', 'log_plots_param', 'fix_imbalance_method_param', 'fold_generator', 'fix_imbalance_param', 'dashboard_logger', '_gpu_n_jobs_param', 'transform_target_param', 'n_jobs_param', 'fold_shuffle_param', 'data_before_preprocess', '_internal_pipeline', 'X', '_all_models_internal', 'logging_param', 'fold_groups_param_full', 'experiment__', 'create_model_container', 'html_param', 'USI', 'prep_pipe', 'master_model_container', '_all_metrics', 'X_test', '_ml_usecase', 'fold_groups_param', '_available_plots', '_all_models', 'y', 'display_container', 'iterative_imputation_iters_param', 'imputation_regressor'}
2024-05-17 19:36:32,092:INFO:Preparing display monitor
2024-05-17 19:36:32,092:INFO:Preparing display monitor
2024-05-17 19:36:32,104:INFO:Importing libraries
2024-05-17 19:36:32,104:INFO:Copying data for preprocessing
2024-05-17 19:36:32,111:INFO:Declaring preprocessing parameters
2024-05-17 19:36:32,117:INFO:Creating preprocessing pipeline
2024-05-17 19:36:32,208:INFO:Preprocessing pipeline created successfully
2024-05-17 19:36:32,209:ERROR:(Process Exit): setup has been interupted with user command 'quit'. setup must rerun.
2024-05-17 19:36:32,210:INFO:Creating global containers
2024-05-17 19:36:32,219:INFO:Internal pipeline: Pipeline(memory=None, steps=[('empty_step', 'passthrough')], verbose=False)
2024-05-17 19:36:34,903:WARNING:Couldn't import xgboost.XGBRegressor
2024-05-17 19:36:34,907:WARNING:Couldn't import catboost.CatBoostRegressor
2024-05-17 19:36:35,136:WARNING:Couldn't import xgboost.XGBRegressor
2024-05-17 19:36:35,137:WARNING:Couldn't import catboost.CatBoostRegressor
2024-05-17 19:36:35,139:INFO:Creating grid variables
2024-05-17 19:36:35,145:INFO:create_model_container: 0
2024-05-17 19:36:35,146:INFO:master_model_container: 0
2024-05-17 19:36:35,146:INFO:display_container: 1
2024-05-17 19:36:35,155:INFO:Pipeline(memory=None,
         steps=[('dtypes',
                 DataTypes_Auto_infer(categorical_features=[],
                                      display_types=False, features_todrop=[],
                                      id_columns=[], ml_usecase='regression',
                                      numerical_features=[], target='1',
                                      time_features=[])),
                ('imputer',
                 Simple_Imputer(categorical_strategy='not_available',
                                fill_value_categorical=None,
                                fill_value_numerical=None,
                                numeric_strategy='...
                ('scaling', 'passthrough'), ('P_transform', 'passthrough'),
                ('binn', 'passthrough'), ('rem_outliers', 'passthrough'),
                ('cluster_all', 'passthrough'),
                ('dummy', Dummify(target='1')),
                ('fix_perfect', Remove_100(target='1')),
                ('clean_names', Clean_Colum_Names()),
                ('feature_select', 'passthrough'), ('fix_multi', 'passthrough'),
                ('dfs', 'passthrough'), ('pca', 'passthrough')],
         verbose=False)
2024-05-17 19:36:35,157:INFO:setup() succesfully completed......................................
2024-05-17 19:36:56,212:INFO:PyCaret Supervised Module
2024-05-17 19:36:56,212:INFO:ML Usecase: regression
2024-05-17 19:36:56,213:INFO:version 2.3.10
2024-05-17 19:36:56,213:INFO:Initializing setup()
2024-05-17 19:36:56,213:INFO:setup(target=2, ml_usecase=regression, available_plots={'parameter': 'Hyperparameters', 'residuals': 'Residuals', 'error': 'Prediction Error', 'cooks': 'Cooks Distance', 'rfe': 'Feature Selection', 'learning': 'Learning Curve', 'manifold': 'Manifold Learning', 'vc': 'Validation Curve', 'feature': 'Feature Importance', 'feature_all': 'Feature Importance (All)', 'tree': 'Decision Tree', 'residuals_interactive': 'Interactive Residuals'}, train_size=0.7, test_data=None, preprocess=True, imputation_type=simple, iterative_imputation_iters=5, categorical_features=None, categorical_imputation=constant, categorical_iterative_imputer=lightgbm, ordinal_features=None, high_cardinality_features=None, high_cardinality_method=frequency, numeric_features=None, numeric_imputation=mean, numeric_iterative_imputer=lightgbm, date_features=None, ignore_features=None, normalize=False, normalize_method=zscore, transformation=False, transformation_method=yeo-johnson, handle_unknown_categorical=True, unknown_categorical_method=least_frequent, pca=False, pca_method=linear, pca_components=None, ignore_low_variance=False, combine_rare_levels=False, rare_level_threshold=0.1, bin_numeric_features=None, remove_outliers=False, outliers_threshold=0.05, remove_multicollinearity=False, multicollinearity_threshold=0.9, remove_perfect_collinearity=True, create_clusters=False, cluster_iter=20, polynomial_features=False, polynomial_degree=2, trigonometry_features=False, polynomial_threshold=0.1, group_features=None, group_names=None, feature_selection=False, feature_selection_threshold=0.8, feature_selection_method=classic, feature_interaction=False, feature_ratio=False, interaction_threshold=0.01, fix_imbalance=False, fix_imbalance_method=None, transform_target=False, transform_target_method=box-cox, data_split_shuffle=True, data_split_stratify=False, fold_strategy=kfold, fold=10, fold_shuffle=False, fold_groups=None, n_jobs=-1, use_gpu=False, custom_pipeline=None, html=True, session_id=None, log_experiment=False, experiment_name=None, experiment_custom_tags=None, log_plots=False, log_profile=False, log_data=False, silent=True, verbose=True, profile=False, profile_kwargs=None, display=None)
2024-05-17 19:36:56,214:INFO:Checking environment
2024-05-17 19:36:56,214:INFO:python_version: 3.8.19
2024-05-17 19:36:56,214:INFO:python_build: ('default', 'Mar 20 2024 19:55:45')
2024-05-17 19:36:56,214:INFO:machine: AMD64
2024-05-17 19:36:56,215:INFO:platform: Windows-10-10.0.22631-SP0
2024-05-17 19:36:56,215:INFO:Memory: svmem(total=16934494208, available=1708212224, percent=89.9, used=15226281984, free=1708212224)
2024-05-17 19:36:56,215:INFO:Physical Core: 4
2024-05-17 19:36:56,215:INFO:Logical Core: 8
2024-05-17 19:36:56,215:INFO:Checking libraries
2024-05-17 19:36:56,215:INFO:pd==1.5.1
2024-05-17 19:36:56,215:INFO:numpy==1.20.3
2024-05-17 19:36:56,216:INFO:sklearn==0.23.2
2024-05-17 19:36:56,216:INFO:lightgbm==3.3.3
2024-05-17 19:36:56,217:WARNING:catboost not found
2024-05-17 19:36:56,219:WARNING:xgboost not found
2024-05-17 19:36:56,219:INFO:mlflow==1.30.0
2024-05-17 19:36:56,219:INFO:Checking Exceptions
2024-05-17 19:36:56,220:INFO:Declaring global variables
2024-05-17 19:36:56,220:INFO:USI: 2591
2024-05-17 19:36:56,220:INFO:pycaret_globals: {'fold_param', 'exp_name_log', 'target_param', 'stratify_param', 'imputation_classifier', 'seed', 'pycaret_globals', 'transform_target_method_param', 'gpu_param', 'X_train', 'y_train', 'y_test', 'log_plots_param', 'fix_imbalance_method_param', 'fold_generator', 'fix_imbalance_param', 'dashboard_logger', '_gpu_n_jobs_param', 'transform_target_param', 'n_jobs_param', 'fold_shuffle_param', 'data_before_preprocess', '_internal_pipeline', 'X', '_all_models_internal', 'logging_param', 'fold_groups_param_full', 'experiment__', 'create_model_container', 'html_param', 'USI', 'prep_pipe', 'master_model_container', '_all_metrics', 'X_test', '_ml_usecase', 'fold_groups_param', '_available_plots', '_all_models', 'y', 'display_container', 'iterative_imputation_iters_param', 'imputation_regressor'}
2024-05-17 19:36:56,220:INFO:Preparing display monitor
2024-05-17 19:36:56,221:INFO:Preparing display monitor
2024-05-17 19:36:56,230:INFO:Importing libraries
2024-05-17 19:36:56,230:INFO:Copying data for preprocessing
2024-05-17 19:36:56,238:INFO:Declaring preprocessing parameters
2024-05-17 19:36:56,242:INFO:Creating preprocessing pipeline
2024-05-17 19:36:56,338:INFO:Preprocessing pipeline created successfully
2024-05-17 19:36:56,339:ERROR:(Process Exit): setup has been interupted with user command 'quit'. setup must rerun.
2024-05-17 19:36:56,339:INFO:Creating global containers
2024-05-17 19:36:56,340:INFO:Internal pipeline: Pipeline(memory=None, steps=[('empty_step', 'passthrough')], verbose=False)
2024-05-17 19:36:58,777:WARNING:Couldn't import xgboost.XGBRegressor
2024-05-17 19:36:58,778:WARNING:Couldn't import catboost.CatBoostRegressor
2024-05-17 19:36:58,928:WARNING:Couldn't import xgboost.XGBRegressor
2024-05-17 19:36:58,929:WARNING:Couldn't import catboost.CatBoostRegressor
2024-05-17 19:36:58,930:INFO:Creating grid variables
2024-05-17 19:36:58,934:INFO:create_model_container: 0
2024-05-17 19:36:58,934:INFO:master_model_container: 0
2024-05-17 19:36:58,934:INFO:display_container: 1
2024-05-17 19:36:58,940:INFO:Pipeline(memory=None,
         steps=[('dtypes',
                 DataTypes_Auto_infer(categorical_features=[],
                                      display_types=False, features_todrop=[],
                                      id_columns=[], ml_usecase='regression',
                                      numerical_features=[], target='2',
                                      time_features=[])),
                ('imputer',
                 Simple_Imputer(categorical_strategy='not_available',
                                fill_value_categorical=None,
                                fill_value_numerical=None,
                                numeric_strategy='...
                ('scaling', 'passthrough'), ('P_transform', 'passthrough'),
                ('binn', 'passthrough'), ('rem_outliers', 'passthrough'),
                ('cluster_all', 'passthrough'),
                ('dummy', Dummify(target='2')),
                ('fix_perfect', Remove_100(target='2')),
                ('clean_names', Clean_Colum_Names()),
                ('feature_select', 'passthrough'), ('fix_multi', 'passthrough'),
                ('dfs', 'passthrough'), ('pca', 'passthrough')],
         verbose=False)
2024-05-17 19:36:58,942:INFO:setup() succesfully completed......................................
2024-05-17 19:40:36,629:INFO:PyCaret Supervised Module
2024-05-17 19:40:36,631:INFO:ML Usecase: regression
2024-05-17 19:40:36,631:INFO:version 2.3.10
2024-05-17 19:40:36,632:INFO:Initializing setup()
2024-05-17 19:40:36,632:INFO:setup(target=6, ml_usecase=regression, available_plots={'parameter': 'Hyperparameters', 'residuals': 'Residuals', 'error': 'Prediction Error', 'cooks': 'Cooks Distance', 'rfe': 'Feature Selection', 'learning': 'Learning Curve', 'manifold': 'Manifold Learning', 'vc': 'Validation Curve', 'feature': 'Feature Importance', 'feature_all': 'Feature Importance (All)', 'tree': 'Decision Tree', 'residuals_interactive': 'Interactive Residuals'}, train_size=0.7, test_data=None, preprocess=True, imputation_type=simple, iterative_imputation_iters=5, categorical_features=None, categorical_imputation=constant, categorical_iterative_imputer=lightgbm, ordinal_features=None, high_cardinality_features=None, high_cardinality_method=frequency, numeric_features=None, numeric_imputation=mean, numeric_iterative_imputer=lightgbm, date_features=None, ignore_features=None, normalize=False, normalize_method=zscore, transformation=False, transformation_method=yeo-johnson, handle_unknown_categorical=True, unknown_categorical_method=least_frequent, pca=False, pca_method=linear, pca_components=None, ignore_low_variance=False, combine_rare_levels=False, rare_level_threshold=0.1, bin_numeric_features=None, remove_outliers=False, outliers_threshold=0.05, remove_multicollinearity=False, multicollinearity_threshold=0.9, remove_perfect_collinearity=True, create_clusters=False, cluster_iter=20, polynomial_features=False, polynomial_degree=2, trigonometry_features=False, polynomial_threshold=0.1, group_features=None, group_names=None, feature_selection=False, feature_selection_threshold=0.8, feature_selection_method=classic, feature_interaction=False, feature_ratio=False, interaction_threshold=0.01, fix_imbalance=False, fix_imbalance_method=None, transform_target=False, transform_target_method=box-cox, data_split_shuffle=True, data_split_stratify=False, fold_strategy=kfold, fold=10, fold_shuffle=False, fold_groups=None, n_jobs=-1, use_gpu=False, custom_pipeline=None, html=True, session_id=None, log_experiment=False, experiment_name=None, experiment_custom_tags=None, log_plots=False, log_profile=False, log_data=False, silent=True, verbose=True, profile=False, profile_kwargs=None, display=None)
2024-05-17 19:40:36,634:INFO:Checking environment
2024-05-17 19:40:36,634:INFO:python_version: 3.8.19
2024-05-17 19:40:36,634:INFO:python_build: ('default', 'Mar 20 2024 19:55:45')
2024-05-17 19:40:36,634:INFO:machine: AMD64
2024-05-17 19:40:36,634:INFO:platform: Windows-10-10.0.22631-SP0
2024-05-17 19:40:36,634:INFO:Memory: svmem(total=16934494208, available=1562775552, percent=90.8, used=15371718656, free=1562775552)
2024-05-17 19:40:36,634:INFO:Physical Core: 4
2024-05-17 19:40:36,634:INFO:Logical Core: 8
2024-05-17 19:40:36,635:INFO:Checking libraries
2024-05-17 19:40:36,635:INFO:pd==1.5.1
2024-05-17 19:40:36,635:INFO:numpy==1.20.3
2024-05-17 19:40:36,635:INFO:sklearn==0.23.2
2024-05-17 19:40:36,635:INFO:lightgbm==3.3.3
2024-05-17 19:40:36,636:WARNING:catboost not found
2024-05-17 19:40:36,637:WARNING:xgboost not found
2024-05-17 19:40:36,637:INFO:mlflow==1.30.0
2024-05-17 19:40:36,637:INFO:Checking Exceptions
2024-05-17 19:40:36,637:INFO:Declaring global variables
2024-05-17 19:40:36,638:INFO:USI: c44a
2024-05-17 19:40:36,638:INFO:pycaret_globals: {'fold_param', 'exp_name_log', 'target_param', 'stratify_param', 'imputation_classifier', 'seed', 'pycaret_globals', 'transform_target_method_param', 'gpu_param', 'X_train', 'y_train', 'y_test', 'log_plots_param', 'fix_imbalance_method_param', 'fold_generator', 'fix_imbalance_param', 'dashboard_logger', '_gpu_n_jobs_param', 'transform_target_param', 'n_jobs_param', 'fold_shuffle_param', 'data_before_preprocess', '_internal_pipeline', 'X', '_all_models_internal', 'logging_param', 'fold_groups_param_full', 'experiment__', 'create_model_container', 'html_param', 'USI', 'prep_pipe', 'master_model_container', '_all_metrics', 'X_test', '_ml_usecase', 'fold_groups_param', '_available_plots', '_all_models', 'y', 'display_container', 'iterative_imputation_iters_param', 'imputation_regressor'}
2024-05-17 19:40:36,639:INFO:Preparing display monitor
2024-05-17 19:40:36,639:INFO:Preparing display monitor
2024-05-17 19:40:36,649:INFO:Importing libraries
2024-05-17 19:40:36,650:INFO:Copying data for preprocessing
2024-05-17 19:40:36,655:INFO:Declaring preprocessing parameters
2024-05-17 19:40:36,661:INFO:Creating preprocessing pipeline
2024-05-17 19:40:36,763:INFO:Preprocessing pipeline created successfully
2024-05-17 19:40:36,764:ERROR:(Process Exit): setup has been interupted with user command 'quit'. setup must rerun.
2024-05-17 19:40:36,764:INFO:Creating global containers
2024-05-17 19:40:36,765:INFO:Internal pipeline: Pipeline(memory=None, steps=[('empty_step', 'passthrough')], verbose=False)
2024-05-17 19:40:39,340:WARNING:Couldn't import xgboost.XGBRegressor
2024-05-17 19:40:39,341:WARNING:Couldn't import catboost.CatBoostRegressor
2024-05-17 19:40:39,486:WARNING:Couldn't import xgboost.XGBRegressor
2024-05-17 19:40:39,488:WARNING:Couldn't import catboost.CatBoostRegressor
2024-05-17 19:40:39,489:INFO:Creating grid variables
2024-05-17 19:40:39,492:INFO:create_model_container: 0
2024-05-17 19:40:39,493:INFO:master_model_container: 0
2024-05-17 19:40:39,493:INFO:display_container: 1
2024-05-17 19:40:39,496:INFO:Pipeline(memory=None,
         steps=[('dtypes',
                 DataTypes_Auto_infer(categorical_features=[],
                                      display_types=False, features_todrop=[],
                                      id_columns=[], ml_usecase='regression',
                                      numerical_features=[], target='6',
                                      time_features=[])),
                ('imputer',
                 Simple_Imputer(categorical_strategy='not_available',
                                fill_value_categorical=None,
                                fill_value_numerical=None,
                                numeric_strategy='...
                ('scaling', 'passthrough'), ('P_transform', 'passthrough'),
                ('binn', 'passthrough'), ('rem_outliers', 'passthrough'),
                ('cluster_all', 'passthrough'),
                ('dummy', Dummify(target='6')),
                ('fix_perfect', Remove_100(target='6')),
                ('clean_names', Clean_Colum_Names()),
                ('feature_select', 'passthrough'), ('fix_multi', 'passthrough'),
                ('dfs', 'passthrough'), ('pca', 'passthrough')],
         verbose=False)
2024-05-17 19:40:39,498:INFO:setup() succesfully completed......................................
